Using pre-set license
Built from '2022.3/staging' branch; Version is '2022.3.19f1 (244b723c30a6) revision 2378610'; Using compiler version '192829333'; Build Type 'Release'
OS: 'Windows 10  (10.0.19045) 64bit Professional' Language: 'fr' Physical Memory: 16310 MB
BatchMode: 1, IsHumanControllingUs: 0, StartBugReporterOnCrash: 0, Is64bit: 1, IsPro: 1

COMMAND LINE ARGUMENTS:
C:\Program Files\Unity\Hub\Editor\2022.3.19f1\Editor\Unity.exe
-adb2
-batchMode
-noUpm
-name
AssetImportWorker2
-projectPath
C:/Users/pakir/Documents/Sophie
-logFile
Logs/AssetImportWorker2.log
-srvPort
51007
Successfully changed project path to: C:/Users/pakir/Documents/Sophie
C:/Users/pakir/Documents/Sophie
[UnityMemory] Configuration Parameters - Can be set up in boot.config
    "memorysetup-bucket-allocator-granularity=16"
    "memorysetup-bucket-allocator-bucket-count=8"
    "memorysetup-bucket-allocator-block-size=33554432"
    "memorysetup-bucket-allocator-block-count=8"
    "memorysetup-main-allocator-block-size=16777216"
    "memorysetup-thread-allocator-block-size=16777216"
    "memorysetup-gfx-main-allocator-block-size=16777216"
    "memorysetup-gfx-thread-allocator-block-size=16777216"
    "memorysetup-cache-allocator-block-size=4194304"
    "memorysetup-typetree-allocator-block-size=2097152"
    "memorysetup-profiler-bucket-allocator-granularity=16"
    "memorysetup-profiler-bucket-allocator-bucket-count=8"
    "memorysetup-profiler-bucket-allocator-block-size=33554432"
    "memorysetup-profiler-bucket-allocator-block-count=8"
    "memorysetup-profiler-allocator-block-size=16777216"
    "memorysetup-profiler-editor-allocator-block-size=1048576"
    "memorysetup-temp-allocator-size-main=16777216"
    "memorysetup-job-temp-allocator-block-size=2097152"
    "memorysetup-job-temp-allocator-block-size-background=1048576"
    "memorysetup-job-temp-allocator-reduction-small-platforms=262144"
    "memorysetup-allocator-temp-initial-block-size-main=262144"
    "memorysetup-allocator-temp-initial-block-size-worker=262144"
    "memorysetup-temp-allocator-size-background-worker=32768"
    "memorysetup-temp-allocator-size-job-worker=262144"
    "memorysetup-temp-allocator-size-preload-manager=33554432"
    "memorysetup-temp-allocator-size-nav-mesh-worker=65536"
    "memorysetup-temp-allocator-size-audio-worker=65536"
    "memorysetup-temp-allocator-size-cloud-worker=32768"
    "memorysetup-temp-allocator-size-gi-baking-worker=262144"
    "memorysetup-temp-allocator-size-gfx=262144"
Player connection [16140] Host "[IP] 192.168.1.156 [Port] 0 [Flags] 2 [Guid] 4271274230 [EditorId] 4271274230 [Version] 1048832 [Id] WindowsEditor(7,DESKTOP-OSC88PS) [Debug] 1 [PackageName] WindowsEditor [ProjectName] Editor" joined multi-casting on [225.0.0.222:54997]...

Player connection [16140] Host "[IP] 192.168.1.156 [Port] 0 [Flags] 2 [Guid] 4271274230 [EditorId] 4271274230 [Version] 1048832 [Id] WindowsEditor(7,DESKTOP-OSC88PS) [Debug] 1 [PackageName] WindowsEditor [ProjectName] Editor" joined alternative multi-casting on [225.0.0.222:34997]...

[Physics::Module] Initialized MultithreadedJobDispatcher with 11 workers.
Refreshing native plugins compatible for Editor in 14.33 ms, found 4 plugins.
Preloading 0 native plugins for Editor in 0.00 ms.
Initialize engine version: 2022.3.19f1 (244b723c30a6)
[Subsystems] Discovering subsystems at path C:/Program Files/Unity/Hub/Editor/2022.3.19f1/Editor/Data/Resources/UnitySubsystems
[Subsystems] Discovering subsystems at path C:/Users/pakir/Documents/Sophie/Assets
GfxDevice: creating device client; threaded=0; jobified=0
Direct3D:
    Version:  Direct3D 11.0 [level 11.1]
    Renderer: NVIDIA GeForce RTX 3060 (ID=0x2504)
    Vendor:   NVIDIA
    VRAM:     12129 MB
    Driver:   31.0.15.3623
Initialize mono
Mono path[0] = 'C:/Program Files/Unity/Hub/Editor/2022.3.19f1/Editor/Data/Managed'
Mono path[1] = 'C:/Program Files/Unity/Hub/Editor/2022.3.19f1/Editor/Data/MonoBleedingEdge/lib/mono/unityjit-win32'
Mono config path = 'C:/Program Files/Unity/Hub/Editor/2022.3.19f1/Editor/Data/MonoBleedingEdge/etc'
Using monoOptions --debugger-agent=transport=dt_socket,embedding=1,server=y,suspend=n,address=127.0.0.1:56808
Begin MonoManager ReloadAssembly
Registering precompiled unity dll's ...
Register platform support module: C:/Program Files/Unity/Hub/Editor/2022.3.19f1/Editor/Data/PlaybackEngines/WindowsStandaloneSupport/UnityEditor.WindowsStandalone.Extensions.dll
Registered in 0.007527 seconds.
- Loaded All Assemblies, in  0.270 seconds
Native extension for WindowsStandalone target not found
Mono: successfully reloaded assembly
- Finished resetting the current domain, in  0.211 seconds
Domain Reload Profiling: 479ms
	BeginReloadAssembly (83ms)
		ExecutionOrderSort (0ms)
		DisableScriptedObjects (0ms)
		BackupInstance (0ms)
		ReleaseScriptingObjects (0ms)
		CreateAndSetChildDomain (1ms)
	RebuildCommonClasses (26ms)
	RebuildNativeTypeToScriptingClass (8ms)
	initialDomainReloadingComplete (49ms)
	LoadAllAssembliesAndSetupDomain (102ms)
		LoadAssemblies (81ms)
		RebuildTransferFunctionScriptingTraits (0ms)
		AnalyzeDomain (101ms)
			TypeCache.Refresh (100ms)
				TypeCache.ScanAssembly (90ms)
			ScanForSourceGeneratedMonoScriptInfo (0ms)
			ResolveRequiredComponents (0ms)
	FinalizeReload (211ms)
		ReleaseScriptCaches (0ms)
		RebuildScriptCaches (0ms)
		SetupLoadedEditorAssemblies (167ms)
			LogAssemblyErrors (0ms)
			InitializePlatformSupportModulesInManaged (8ms)
			SetLoadedEditorAssemblies (5ms)
			RefreshPlugins (0ms)
			BeforeProcessingInitializeOnLoad (2ms)
			ProcessInitializeOnLoadAttributes (114ms)
			ProcessInitializeOnLoadMethodAttributes (38ms)
			AfterProcessingInitializeOnLoad (0ms)
			EditorAssembliesLoaded (0ms)
		ExecutionOrderSort2 (0ms)
		AwakeInstancesAfterBackupRestoration (0ms)
========================================================================
Worker process is ready to serve import requests
Begin MonoManager ReloadAssembly
- Loaded All Assemblies, in  0.510 seconds
Refreshing native plugins compatible for Editor in 3.93 ms, found 4 plugins.
Native extension for WindowsStandalone target not found
Package Manager log level set to [2]
[Package Manager] Server::EnsureServerProcessIsRunning -- launch failed, reason: Unity was launched with the -noUpm command-line argument
[Package Manager] UpmClient::Send -- Unable to send message (not connected to UPM process).
[Package Manager] Cannot connect to Unity Package Manager local server
Mono: successfully reloaded assembly
- Finished resetting the current domain, in  0.474 seconds
Domain Reload Profiling: 980ms
	BeginReloadAssembly (126ms)
		ExecutionOrderSort (0ms)
		DisableScriptedObjects (4ms)
		BackupInstance (0ms)
		ReleaseScriptingObjects (0ms)
		CreateAndSetChildDomain (20ms)
	RebuildCommonClasses (26ms)
	RebuildNativeTypeToScriptingClass (7ms)
	initialDomainReloadingComplete (36ms)
	LoadAllAssembliesAndSetupDomain (310ms)
		LoadAssemblies (258ms)
		RebuildTransferFunctionScriptingTraits (0ms)
		AnalyzeDomain (125ms)
			TypeCache.Refresh (104ms)
				TypeCache.ScanAssembly (90ms)
			ScanForSourceGeneratedMonoScriptInfo (16ms)
			ResolveRequiredComponents (3ms)
	FinalizeReload (474ms)
		ReleaseScriptCaches (0ms)
		RebuildScriptCaches (0ms)
		SetupLoadedEditorAssemblies (359ms)
			LogAssemblyErrors (0ms)
			InitializePlatformSupportModulesInManaged (6ms)
			SetLoadedEditorAssemblies (2ms)
			RefreshPlugins (0ms)
			BeforeProcessingInitializeOnLoad (58ms)
			ProcessInitializeOnLoadAttributes (252ms)
			ProcessInitializeOnLoadMethodAttributes (31ms)
			AfterProcessingInitializeOnLoad (9ms)
			EditorAssembliesLoaded (0ms)
		ExecutionOrderSort2 (0ms)
		AwakeInstancesAfterBackupRestoration (6ms)
Launched and connected shader compiler UnityShaderCompiler.exe after 0.04 seconds
Refreshing native plugins compatible for Editor in 4.87 ms, found 4 plugins.
Preloading 0 native plugins for Editor in 0.00 ms.
Unloading 4031 Unused Serialized files (Serialized files now loaded: 0)
Unloading 64 unused Assets / (61.1 KB). Loaded Objects now: 4493.
Memory consumption went from 145.0 MB to 144.9 MB.
Total: 3.144500 ms (FindLiveObjects: 0.272600 ms CreateObjectMapping: 0.171100 ms MarkObjects: 2.591600 ms  DeleteObjects: 0.108700 ms)

AssetImportParameters requested are different than current active one (requested -> active):
  custom:container-demuxer-ogg: 62fdf1f143b41e24485cea50d1cbac27 -> 
  custom:video-decoder-ogg-theora: a1e56fd34408186e4bbccfd4996cb3dc -> 
  custom:framework-win-MediaFoundation: 216162199b28c13a410421893ffa2e32 -> 
  custom:CustomObjectIndexerAttribute: 6d391050e5a25f67b0a2c618074f2cd9 -> 
  custom:container-demuxer-webm: 4f35f7cbe854078d1ac9338744f61a02 -> 
  custom:container-muxer-webm: aa71ff27fc2769a1b78a27578f13a17b -> 
  custom:video-decoder-webm-vp8: 9c59270c3fd7afecdb556c50c9e8de78 -> 
  custom:SearchIndexIgnoredProperties: e643bd26f0fe6173181afceb89e7c659 -> 
  custom:AudioImporter_EditorPlatform: d09bf68614088b80899f8185d706f6e7 -> 
  custom:video-encoder-webm-vp8: eb34c28f22e8b96e1ab97ce403110664 -> 
  custom:audio-decoder-ogg-vorbis: bf7c407c2cedff20999df2af8eb42d56 -> 
  custom:audio-encoder-webm-vorbis: bf7c407c2cedff20999df2af8eb42d56 -> 
========================================================================
Received Import Request.
  Time since last request: 69074.610426 seconds.
  path: Packages/com.unity.2d.common/Path/Editor/Handles/TangentBrokenPro.png
  artifactKey: Guid(8bdd64764208642f9adc3509ebbe41a3) Importer(815301076,1909f56bfc062723c751e8b465ee728b)
Start importing Packages/com.unity.2d.common/Path/Editor/Handles/TangentBrokenPro.png using Guid(8bdd64764208642f9adc3509ebbe41a3) Importer(815301076,1909f56bfc062723c751e8b465ee728b)  -> (artifact id: 'a7d228d4fe97d7404c257e85721597ce') in 0.082892 seconds
Number of updated asset objects reloaded before import = 0
Number of asset objects unloaded after import = 3
========================================================================
Received Import Request.
  Time since last request: 0.001511 seconds.
  path: Packages/com.unity.2d.common/Path/Editor/Handles/TangentLinear.png
  artifactKey: Guid(70769958773904c02bc91efe3db06047) Importer(815301076,1909f56bfc062723c751e8b465ee728b)
Start importing Packages/com.unity.2d.common/Path/Editor/Handles/TangentLinear.png using Guid(70769958773904c02bc91efe3db06047) Importer(815301076,1909f56bfc062723c751e8b465ee728b)  -> (artifact id: '68b08bd06336a4e9844981678838b320') in 0.041561 seconds
Number of updated asset objects reloaded before import = 0
Number of asset objects unloaded after import = 3
========================================================================
Received Import Request.
  Time since last request: 5.623849 seconds.
  path: Packages/com.unity.2d.sprite/Editor/ObjectMenuCreation/DefaultAssets/Textures/9-Sliced.png
  artifactKey: Guid(71ebafeef3c03457483266a33ab2b270) Importer(815301076,1909f56bfc062723c751e8b465ee728b)
Start importing Packages/com.unity.2d.sprite/Editor/ObjectMenuCreation/DefaultAssets/Textures/9-Sliced.png using Guid(71ebafeef3c03457483266a33ab2b270) Importer(815301076,1909f56bfc062723c751e8b465ee728b)  -> (artifact id: '82d7333716e424684ef5cd76697197a4') in 0.018333 seconds
Number of updated asset objects reloaded before import = 0
Number of asset objects unloaded after import = 3
========================================================================
Received Import Request.
  Time since last request: 0.000013 seconds.
  path: Packages/com.unity.2d.animation/Editor/Assets/ComponentIcons/Animation.IKCCD On.png
  artifactKey: Guid(40ca859210cd04b62bbfe0e0d5696d3b) Importer(815301076,1909f56bfc062723c751e8b465ee728b)
Start importing Packages/com.unity.2d.animation/Editor/Assets/ComponentIcons/Animation.IKCCD On.png using Guid(40ca859210cd04b62bbfe0e0d5696d3b) Importer(815301076,1909f56bfc062723c751e8b465ee728b)  -> (artifact id: '9ae2e445f1cd828d7bc5cbc51e8383a3') in 0.032440 seconds
Number of updated asset objects reloaded before import = 0
Number of asset objects unloaded after import = 3
========================================================================
Received Import Request.
  Time since last request: 0.000012 seconds.
  path: Packages/com.unity.2d.animation/Editor/Assets/ComponentIcons/Animation.IKCCD On@128.png
  artifactKey: Guid(50d3cd2f336704fcf9cf5b293c10ba9c) Importer(815301076,1909f56bfc062723c751e8b465ee728b)
Start importing Packages/com.unity.2d.animation/Editor/Assets/ComponentIcons/Animation.IKCCD On@128.png using Guid(50d3cd2f336704fcf9cf5b293c10ba9c) Importer(815301076,1909f56bfc062723c751e8b465ee728b)  -> (artifact id: 'a9486f527dc19002b49c3400fe079788') in 0.038743 seconds
Number of updated asset objects reloaded before import = 0
Number of asset objects unloaded after import = 3
========================================================================
Received Import Request.
  Time since last request: 2.458481 seconds.
  path: Packages/com.unity.2d.animation/Editor/Assets/ComponentIcons/Animation.IKCCD On@256.png
  artifactKey: Guid(ba345f2f643d842459447c374943401d) Importer(815301076,1909f56bfc062723c751e8b465ee728b)
Start importing Packages/com.unity.2d.animation/Editor/Assets/ComponentIcons/Animation.IKCCD On@256.png using Guid(ba345f2f643d842459447c374943401d) Importer(815301076,1909f56bfc062723c751e8b465ee728b)  -> (artifact id: 'b2024ecaf578acc46f0ea4cbc10bbd17') in 0.049437 seconds
Number of updated asset objects reloaded before import = 0
Number of asset objects unloaded after import = 3
========================================================================
Received Import Request.
  Time since last request: 0.051494 seconds.
  path: Packages/com.unity.2d.animation/Editor/Assets/ComponentIcons/Animation.IKCCD@64.png
  artifactKey: Guid(84b96a9d1862c4a59afc0fff9875bfc4) Importer(815301076,1909f56bfc062723c751e8b465ee728b)
Start importing Packages/com.unity.2d.animation/Editor/Assets/ComponentIcons/Animation.IKCCD@64.png using Guid(84b96a9d1862c4a59afc0fff9875bfc4) Importer(815301076,1909f56bfc062723c751e8b465ee728b)  -> (artifact id: '8faa5d3dde78608382887fe89ee1602c') in 0.033220 seconds
Number of updated asset objects reloaded before import = 0
Number of asset objects unloaded after import = 3
========================================================================
Received Import Request.
  Time since last request: 0.292933 seconds.
  path: Packages/com.unity.2d.animation/Editor/Assets/ComponentIcons/Animation.IKCCD@256.png
  artifactKey: Guid(1214a7ec362a4479ba225757639c24f2) Importer(815301076,1909f56bfc062723c751e8b465ee728b)
Start importing Packages/com.unity.2d.animation/Editor/Assets/ComponentIcons/Animation.IKCCD@256.png using Guid(1214a7ec362a4479ba225757639c24f2) Importer(815301076,1909f56bfc062723c751e8b465ee728b)  -> (artifact id: '851cc986cc9a164d4b4fc654ff9c835c') in 0.043210 seconds
Number of updated asset objects reloaded before import = 0
Number of asset objects unloaded after import = 3
========================================================================
Received Import Request.
  Time since last request: 0.026698 seconds.
  path: Packages/com.unity.2d.animation/Editor/Assets/ComponentIcons/Animation.IKFabrik On@64.png
  artifactKey: Guid(009774248359949e3b9317677c6678da) Importer(815301076,1909f56bfc062723c751e8b465ee728b)
Start importing Packages/com.unity.2d.animation/Editor/Assets/ComponentIcons/Animation.IKFabrik On@64.png using Guid(009774248359949e3b9317677c6678da) Importer(815301076,1909f56bfc062723c751e8b465ee728b)  -> (artifact id: '848c79c9fe914af6833298efafe52c01') in 0.036823 seconds
Number of updated asset objects reloaded before import = 0
Number of asset objects unloaded after import = 3
========================================================================
Received Import Request.
  Time since last request: 0.240944 seconds.
  path: Packages/com.unity.2d.animation/Editor/Assets/ComponentIcons/Animation.IKFabrik On@256.png
  artifactKey: Guid(b533c652136df4744a089524507a44c6) Importer(815301076,1909f56bfc062723c751e8b465ee728b)
Start importing Packages/com.unity.2d.animation/Editor/Assets/ComponentIcons/Animation.IKFabrik On@256.png using Guid(b533c652136df4744a089524507a44c6) Importer(815301076,1909f56bfc062723c751e8b465ee728b)  -> (artifact id: '0399804de581a3aa512dae3fafbd8c92') in 0.029926 seconds
Number of updated asset objects reloaded before import = 0
Number of asset objects unloaded after import = 3
========================================================================
Received Import Request.
  Time since last request: 0.000012 seconds.
  path: Packages/com.unity.2d.animation/Editor/Assets/ComponentIcons/Animation.IKFabrik@128.png
  artifactKey: Guid(b86d0db9457f24011888218122cc164a) Importer(815301076,1909f56bfc062723c751e8b465ee728b)
Start importing Packages/com.unity.2d.animation/Editor/Assets/ComponentIcons/Animation.IKFabrik@128.png using Guid(b86d0db9457f24011888218122cc164a) Importer(815301076,1909f56bfc062723c751e8b465ee728b)  -> (artifact id: 'e1389abdd9699bfe904352e1faf3b442') in 0.045635 seconds
Number of updated asset objects reloaded before import = 0
Number of asset objects unloaded after import = 3
========================================================================
Received Import Request.
  Time since last request: 0.012047 seconds.
  path: Packages/com.unity.2d.animation/Editor/Assets/ComponentIcons/Animation.IKLimb On.png
  artifactKey: Guid(4f5364a9fe7e04741862d2af49136835) Importer(815301076,1909f56bfc062723c751e8b465ee728b)
Start importing Packages/com.unity.2d.animation/Editor/Assets/ComponentIcons/Animation.IKLimb On.png using Guid(4f5364a9fe7e04741862d2af49136835) Importer(815301076,1909f56bfc062723c751e8b465ee728b)  -> (artifact id: 'bbffba58c0209b84b21ef44f198f1282') in 0.052569 seconds
Number of updated asset objects reloaded before import = 0
Number of asset objects unloaded after import = 3
========================================================================
Received Import Request.
  Time since last request: 0.221550 seconds.
  path: Packages/com.unity.2d.animation/Editor/Assets/ComponentIcons/Animation.IKLimb On@64.png
  artifactKey: Guid(b88a78d35a73e4a33bf6788d22e3cb67) Importer(815301076,1909f56bfc062723c751e8b465ee728b)
Start importing Packages/com.unity.2d.animation/Editor/Assets/ComponentIcons/Animation.IKLimb On@64.png using Guid(b88a78d35a73e4a33bf6788d22e3cb67) Importer(815301076,1909f56bfc062723c751e8b465ee728b)  -> (artifact id: '0e914f34216f559fa90f732c064a36e8') in 0.016574 seconds
Number of updated asset objects reloaded before import = 0
Number of asset objects unloaded after import = 3
========================================================================
Received Import Request.
  Time since last request: 0.029923 seconds.
  path: Packages/com.unity.2d.animation/Editor/Assets/ComponentIcons/Animation.IKLimb On@256.png
  artifactKey: Guid(190c43ac8c7af48e2ae7663a44f1c7ec) Importer(815301076,1909f56bfc062723c751e8b465ee728b)
Start importing Packages/com.unity.2d.animation/Editor/Assets/ComponentIcons/Animation.IKLimb On@256.png using Guid(190c43ac8c7af48e2ae7663a44f1c7ec) Importer(815301076,1909f56bfc062723c751e8b465ee728b)  -> (artifact id: 'd22f3106cd357c513040ca0a2665f477') in 0.020443 seconds
Number of updated asset objects reloaded before import = 0
Number of asset objects unloaded after import = 3
========================================================================
Received Import Request.
  Time since last request: 0.001711 seconds.
  path: Packages/com.unity.2d.animation/Editor/Assets/ComponentIcons/Animation.IKLimb@128.png
  artifactKey: Guid(8f03a52015a57491094416b25e8e9c18) Importer(815301076,1909f56bfc062723c751e8b465ee728b)
Start importing Packages/com.unity.2d.animation/Editor/Assets/ComponentIcons/Animation.IKLimb@128.png using Guid(8f03a52015a57491094416b25e8e9c18) Importer(815301076,1909f56bfc062723c751e8b465ee728b)  -> (artifact id: 'ea2c934e316363666dda2d0e17fed6af') in 0.020522 seconds
Number of updated asset objects reloaded before import = 0
Number of asset objects unloaded after import = 3
========================================================================
Received Import Request.
  Time since last request: 0.266836 seconds.
  path: Packages/com.unity.2d.animation/Editor/Assets/ComponentIcons/Animation.IKLimb@256.png
  artifactKey: Guid(4a3eebea80ac54fd3818f6a36c36168d) Importer(815301076,1909f56bfc062723c751e8b465ee728b)
Start importing Packages/com.unity.2d.animation/Editor/Assets/ComponentIcons/Animation.IKLimb@256.png using Guid(4a3eebea80ac54fd3818f6a36c36168d) Importer(815301076,1909f56bfc062723c751e8b465ee728b)  -> (artifact id: '21cc302ffa5cd37c7c01e7cc00af46ad') in 0.019870 seconds
Number of updated asset objects reloaded before import = 0
Number of asset objects unloaded after import = 3
========================================================================
Received Import Request.
  Time since last request: 0.002549 seconds.
  path: Packages/com.unity.2d.animation/Editor/Assets/ComponentIcons/Animation.IKManager On@32.png
  artifactKey: Guid(48e86ca3e41834f60b0eae5fb521cfc4) Importer(815301076,1909f56bfc062723c751e8b465ee728b)
Start importing Packages/com.unity.2d.animation/Editor/Assets/ComponentIcons/Animation.IKManager On@32.png using Guid(48e86ca3e41834f60b0eae5fb521cfc4) Importer(815301076,1909f56bfc062723c751e8b465ee728b)  -> (artifact id: 'ff9598c8abed107f4726f7accb3d0e3e') in 0.024875 seconds
Number of updated asset objects reloaded before import = 0
Number of asset objects unloaded after import = 3
========================================================================
Received Import Request.
  Time since last request: 0.003624 seconds.
  path: Packages/com.unity.2d.animation/Editor/Assets/ComponentIcons/Animation.IKManager On@64.png
  artifactKey: Guid(54ce89f1e912746ecb70ddf53bead1f8) Importer(815301076,1909f56bfc062723c751e8b465ee728b)
Start importing Packages/com.unity.2d.animation/Editor/Assets/ComponentIcons/Animation.IKManager On@64.png using Guid(54ce89f1e912746ecb70ddf53bead1f8) Importer(815301076,1909f56bfc062723c751e8b465ee728b)  -> (artifact id: '4cb6ec7a6720baac657ca0cbdfc0451b') in 0.021281 seconds
Number of updated asset objects reloaded before import = 0
Number of asset objects unloaded after import = 3
========================================================================
Received Import Request.
  Time since last request: 0.015143 seconds.
  path: Packages/com.unity.2d.animation/Editor/Assets/ComponentIcons/Animation.IKManager On@256.png
  artifactKey: Guid(a4bde53ec7c104f868be7329e31dd480) Importer(815301076,1909f56bfc062723c751e8b465ee728b)
Start importing Packages/com.unity.2d.animation/Editor/Assets/ComponentIcons/Animation.IKManager On@256.png using Guid(a4bde53ec7c104f868be7329e31dd480) Importer(815301076,1909f56bfc062723c751e8b465ee728b)  -> (artifact id: '048dcc027badcf8078588d532e05b56f') in 0.038629 seconds
Number of updated asset objects reloaded before import = 0
Number of asset objects unloaded after import = 3
========================================================================
Received Import Request.
  Time since last request: 0.235397 seconds.
  path: Packages/com.unity.2d.animation/Editor/Assets/ComponentIcons/Animation.IKManager@64.png
  artifactKey: Guid(0502e3e0c944a4f71948552166af7b48) Importer(815301076,1909f56bfc062723c751e8b465ee728b)
Start importing Packages/com.unity.2d.animation/Editor/Assets/ComponentIcons/Animation.IKManager@64.png using Guid(0502e3e0c944a4f71948552166af7b48) Importer(815301076,1909f56bfc062723c751e8b465ee728b)  -> (artifact id: '46d5a079b61f5d933be470e9460ba0b3') in 0.015294 seconds
Number of updated asset objects reloaded before import = 0
Number of asset objects unloaded after import = 3
========================================================================
Received Import Request.
  Time since last request: 0.002717 seconds.
  path: Packages/com.unity.2d.animation/Editor/Assets/ComponentIcons/Animation.SpriteLibrary.png
  artifactKey: Guid(3024cb66f112f47f599953fe508d632f) Importer(815301076,1909f56bfc062723c751e8b465ee728b)
Start importing Packages/com.unity.2d.animation/Editor/Assets/ComponentIcons/Animation.SpriteLibrary.png using Guid(3024cb66f112f47f599953fe508d632f) Importer(815301076,1909f56bfc062723c751e8b465ee728b)  -> (artifact id: 'b553daabe746ac8e560901b06c347717') in 0.020255 seconds
Number of updated asset objects reloaded before import = 0
Number of asset objects unloaded after import = 3
========================================================================
Received Import Request.
  Time since last request: 0.303337 seconds.
  path: Packages/com.unity.2d.animation/Editor/Assets/ComponentIcons/Animation.SpriteLibrary On.png
  artifactKey: Guid(a86c61e5bed184ddc884003f0c947bb4) Importer(815301076,1909f56bfc062723c751e8b465ee728b)
Start importing Packages/com.unity.2d.animation/Editor/Assets/ComponentIcons/Animation.SpriteLibrary On.png using Guid(a86c61e5bed184ddc884003f0c947bb4) Importer(815301076,1909f56bfc062723c751e8b465ee728b)  -> (artifact id: 'f22ee4dcf4caf9ab7513c342efcdf942') in 0.017817 seconds
Number of updated asset objects reloaded before import = 0
Number of asset objects unloaded after import = 3
========================================================================
Received Import Request.
  Time since last request: 0.002663 seconds.
  path: Packages/com.unity.2d.animation/Editor/Assets/ComponentIcons/Animation.SpriteLibrary On@64.png
  artifactKey: Guid(19370790a791d4fc99ee3830251366f8) Importer(815301076,1909f56bfc062723c751e8b465ee728b)
Start importing Packages/com.unity.2d.animation/Editor/Assets/ComponentIcons/Animation.SpriteLibrary On@64.png using Guid(19370790a791d4fc99ee3830251366f8) Importer(815301076,1909f56bfc062723c751e8b465ee728b)  -> (artifact id: '3f90e144e1498ec6cde8bfa38dd45d2d') in 0.019908 seconds
Number of updated asset objects reloaded before import = 0
Number of asset objects unloaded after import = 3
========================================================================
Received Import Request.
  Time since last request: 0.021714 seconds.
  path: Packages/com.unity.2d.animation/Editor/Assets/ComponentIcons/Animation.SpriteLibrary On@256.png
  artifactKey: Guid(b2d98f54996544507ade581c727c1c51) Importer(815301076,1909f56bfc062723c751e8b465ee728b)
Start importing Packages/com.unity.2d.animation/Editor/Assets/ComponentIcons/Animation.SpriteLibrary On@256.png using Guid(b2d98f54996544507ade581c727c1c51) Importer(815301076,1909f56bfc062723c751e8b465ee728b)  -> (artifact id: '57c890a5fa3883d43ac48d1f0cc2b2e1') in 0.020461 seconds
Number of updated asset objects reloaded before import = 0
Number of asset objects unloaded after import = 3
========================================================================
Received Prepare
Begin MonoManager ReloadAssembly
- Loaded All Assemblies, in  0.410 seconds
Refreshing native plugins compatible for Editor in 4.26 ms, found 4 plugins.
Native extension for WindowsStandalone target not found
[Package Manager] Server::EnsureServerProcessIsRunning -- launch failed, reason: Unity was launched with the -noUpm command-line argument
[Package Manager] UpmClient::Send -- Unable to send message (not connected to UPM process).
[Package Manager] Cannot connect to Unity Package Manager local server
Mono: successfully reloaded assembly
- Finished resetting the current domain, in  0.976 seconds
Domain Reload Profiling: 1383ms
	BeginReloadAssembly (139ms)
		ExecutionOrderSort (0ms)
		DisableScriptedObjects (9ms)
		BackupInstance (0ms)
		ReleaseScriptingObjects (0ms)
		CreateAndSetChildDomain (33ms)
	RebuildCommonClasses (29ms)
	RebuildNativeTypeToScriptingClass (10ms)
	initialDomainReloadingComplete (33ms)
	LoadAllAssembliesAndSetupDomain (195ms)
		LoadAssemblies (251ms)
		RebuildTransferFunctionScriptingTraits (0ms)
		AnalyzeDomain (12ms)
			TypeCache.Refresh (6ms)
				TypeCache.ScanAssembly (0ms)
			ScanForSourceGeneratedMonoScriptInfo (0ms)
			ResolveRequiredComponents (4ms)
	FinalizeReload (977ms)
		ReleaseScriptCaches (0ms)
		RebuildScriptCaches (0ms)
		SetupLoadedEditorAssemblies (412ms)
			LogAssemblyErrors (0ms)
			InitializePlatformSupportModulesInManaged (8ms)
			SetLoadedEditorAssemblies (4ms)
			RefreshPlugins (0ms)
			BeforeProcessingInitializeOnLoad (83ms)
			ProcessInitializeOnLoadAttributes (276ms)
			ProcessInitializeOnLoadMethodAttributes (30ms)
			AfterProcessingInitializeOnLoad (9ms)
			EditorAssembliesLoaded (0ms)
		ExecutionOrderSort2 (0ms)
		AwakeInstancesAfterBackupRestoration (12ms)
Refreshing native plugins compatible for Editor in 6.95 ms, found 4 plugins.
Preloading 0 native plugins for Editor in 0.00 ms.
Unloading 4019 Unused Serialized files (Serialized files now loaded: 0)
Unloading 36 unused Assets / (35.2 KB). Loaded Objects now: 4511.
Memory consumption went from 148.3 MB to 148.3 MB.
Total: 3.190500 ms (FindLiveObjects: 0.285900 ms CreateObjectMapping: 0.235500 ms MarkObjects: 2.596800 ms  DeleteObjects: 0.071600 ms)

Prepare: number of updated asset objects reloaded= 0
AssetImportParameters requested are different than current active one (requested -> active):
  custom:container-demuxer-ogg: 62fdf1f143b41e24485cea50d1cbac27 -> 
  custom:video-decoder-ogg-theora: a1e56fd34408186e4bbccfd4996cb3dc -> 
  custom:framework-win-MediaFoundation: 216162199b28c13a410421893ffa2e32 -> 
  custom:CustomObjectIndexerAttribute: 6d391050e5a25f67b0a2c618074f2cd9 -> 
  custom:container-demuxer-webm: 4f35f7cbe854078d1ac9338744f61a02 -> 
  custom:container-muxer-webm: aa71ff27fc2769a1b78a27578f13a17b -> 
  custom:video-decoder-webm-vp8: 9c59270c3fd7afecdb556c50c9e8de78 -> 
  custom:SearchIndexIgnoredProperties: e643bd26f0fe6173181afceb89e7c659 -> 
  custom:AudioImporter_EditorPlatform: d09bf68614088b80899f8185d706f6e7 -> 
  custom:video-encoder-webm-vp8: eb34c28f22e8b96e1ab97ce403110664 -> 
  custom:audio-decoder-ogg-vorbis: bf7c407c2cedff20999df2af8eb42d56 -> 
  custom:audio-encoder-webm-vorbis: bf7c407c2cedff20999df2af8eb42d56 -> 
========================================================================
Received Prepare
Begin MonoManager ReloadAssembly
- Loaded All Assemblies, in  0.402 seconds
Refreshing native plugins compatible for Editor in 4.10 ms, found 4 plugins.
Native extension for WindowsStandalone target not found
[Package Manager] Server::EnsureServerProcessIsRunning -- launch failed, reason: Unity was launched with the -noUpm command-line argument
[Package Manager] UpmClient::Send -- Unable to send message (not connected to UPM process).
[Package Manager] Cannot connect to Unity Package Manager local server
Mono: successfully reloaded assembly
- Finished resetting the current domain, in  0.954 seconds
Domain Reload Profiling: 1353ms
	BeginReloadAssembly (137ms)
		ExecutionOrderSort (0ms)
		DisableScriptedObjects (11ms)
		BackupInstance (0ms)
		ReleaseScriptingObjects (0ms)
		CreateAndSetChildDomain (29ms)
	RebuildCommonClasses (25ms)
	RebuildNativeTypeToScriptingClass (8ms)
	initialDomainReloadingComplete (27ms)
	LoadAllAssembliesAndSetupDomain (202ms)
		LoadAssemblies (263ms)
		RebuildTransferFunctionScriptingTraits (0ms)
		AnalyzeDomain (9ms)
			TypeCache.Refresh (5ms)
				TypeCache.ScanAssembly (0ms)
			ScanForSourceGeneratedMonoScriptInfo (0ms)
			ResolveRequiredComponents (4ms)
	FinalizeReload (954ms)
		ReleaseScriptCaches (0ms)
		RebuildScriptCaches (0ms)
		SetupLoadedEditorAssemblies (384ms)
			LogAssemblyErrors (0ms)
			InitializePlatformSupportModulesInManaged (6ms)
			SetLoadedEditorAssemblies (3ms)
			RefreshPlugins (0ms)
			BeforeProcessingInitializeOnLoad (72ms)
			ProcessInitializeOnLoadAttributes (266ms)
			ProcessInitializeOnLoadMethodAttributes (29ms)
			AfterProcessingInitializeOnLoad (8ms)
			EditorAssembliesLoaded (0ms)
		ExecutionOrderSort2 (0ms)
		AwakeInstancesAfterBackupRestoration (12ms)
Refreshing native plugins compatible for Editor in 7.04 ms, found 4 plugins.
Preloading 0 native plugins for Editor in 0.00 ms.
Unloading 4020 Unused Serialized files (Serialized files now loaded: 0)
Unloading 36 unused Assets / (35.3 KB). Loaded Objects now: 4515.
Memory consumption went from 150.5 MB to 150.5 MB.
Total: 2.999000 ms (FindLiveObjects: 0.265500 ms CreateObjectMapping: 0.165600 ms MarkObjects: 2.511800 ms  DeleteObjects: 0.055600 ms)

Prepare: number of updated asset objects reloaded= 0
AssetImportParameters requested are different than current active one (requested -> active):
  custom:container-demuxer-ogg: 62fdf1f143b41e24485cea50d1cbac27 -> 
  custom:video-decoder-ogg-theora: a1e56fd34408186e4bbccfd4996cb3dc -> 
  custom:framework-win-MediaFoundation: 216162199b28c13a410421893ffa2e32 -> 
  custom:CustomObjectIndexerAttribute: 6d391050e5a25f67b0a2c618074f2cd9 -> 
  custom:container-demuxer-webm: 4f35f7cbe854078d1ac9338744f61a02 -> 
  custom:container-muxer-webm: aa71ff27fc2769a1b78a27578f13a17b -> 
  custom:video-decoder-webm-vp8: 9c59270c3fd7afecdb556c50c9e8de78 -> 
  custom:SearchIndexIgnoredProperties: e643bd26f0fe6173181afceb89e7c659 -> 
  custom:AudioImporter_EditorPlatform: d09bf68614088b80899f8185d706f6e7 -> 
  custom:video-encoder-webm-vp8: eb34c28f22e8b96e1ab97ce403110664 -> 
  custom:audio-decoder-ogg-vorbis: bf7c407c2cedff20999df2af8eb42d56 -> 
  custom:audio-encoder-webm-vorbis: bf7c407c2cedff20999df2af8eb42d56 -> 
========================================================================
Received Import Request.
  Time since last request: 835.857161 seconds.
  path: Assets/Animation/Player
  artifactKey: Guid(630c7e1d83113fc44b2bdecdd3291b30) Importer(815301076,1909f56bfc062723c751e8b465ee728b)
Start importing Assets/Animation/Player using Guid(630c7e1d83113fc44b2bdecdd3291b30) Importer(815301076,1909f56bfc062723c751e8b465ee728b)  -> (artifact id: '32aa80ef910aa297106ffa7e23f46160') in 0.001552 seconds
Number of updated asset objects reloaded before import = 0
Number of asset objects unloaded after import = 0
========================================================================
Received Import Request.
  Time since last request: 436.957050 seconds.
  path: Assets/Animation/enemy.controller
  artifactKey: Guid(4889ac072bb9885409ccd7d93d6045eb) Importer(815301076,1909f56bfc062723c751e8b465ee728b)
Start importing Assets/Animation/enemy.controller using Guid(4889ac072bb9885409ccd7d93d6045eb) Importer(815301076,1909f56bfc062723c751e8b465ee728b)  -> (artifact id: 'febedeb2689290b1679da26a8978093c') in 0.007756 seconds
Number of updated asset objects reloaded before import = 0
Number of asset objects unloaded after import = 1
========================================================================
Received Import Request.
  Time since last request: 7.032123 seconds.
  path: Assets/Animation/Enemy.anim
  artifactKey: Guid(d86997ce8bbe252469e1aabb1a1c51ff) Importer(815301076,1909f56bfc062723c751e8b465ee728b)
Start importing Assets/Animation/Enemy.anim using Guid(d86997ce8bbe252469e1aabb1a1c51ff) Importer(815301076,1909f56bfc062723c751e8b465ee728b)  -> (artifact id: 'f2abb95ddbe95f0f6decbe8e8db860a1') in 0.001201 seconds
Number of updated asset objects reloaded before import = 0
Number of asset objects unloaded after import = 1
========================================================================
Received Import Request.
  Time since last request: 28.638525 seconds.
  path: Assets/Animation/Enemy
  artifactKey: Guid(a4777c0e994d6f5468d618bc776f19d4) Importer(815301076,1909f56bfc062723c751e8b465ee728b)
Start importing Assets/Animation/Enemy using Guid(a4777c0e994d6f5468d618bc776f19d4) Importer(815301076,1909f56bfc062723c751e8b465ee728b)  -> (artifact id: '5d4f8c4caf8070183ea936c285677115') in 0.000487 seconds
Number of updated asset objects reloaded before import = 0
Number of asset objects unloaded after import = 0
========================================================================
Received Import Request.
  Time since last request: 7.187583 seconds.
  path: Assets/Animation/Player/PlayerIdle.anim
  artifactKey: Guid(d98374c1f2e46f44abd95d3098d3c0ed) Importer(815301076,1909f56bfc062723c751e8b465ee728b)
Start importing Assets/Animation/Player/PlayerIdle.anim using Guid(d98374c1f2e46f44abd95d3098d3c0ed) Importer(815301076,1909f56bfc062723c751e8b465ee728b)  -> (artifact id: '2f5c387d5096282b4cfc8ddad06628fe') in 0.006931 seconds
Number of updated asset objects reloaded before import = 0
Number of asset objects unloaded after import = 1
========================================================================
Received Import Request.
  Time since last request: 2012.338463 seconds.
  path: Assets/Animation/Enemy/enemy.controller
  artifactKey: Guid(f1877e436fe223c41993ce9f581c337b) Importer(815301076,1909f56bfc062723c751e8b465ee728b)
Start importing Assets/Animation/Enemy/enemy.controller using Guid(f1877e436fe223c41993ce9f581c337b) Importer(815301076,1909f56bfc062723c751e8b465ee728b)  -> (artifact id: '1b57944d606e762ae735c2e19d692e41') in 0.001100 seconds
Number of updated asset objects reloaded before import = 0
Number of asset objects unloaded after import = 1
========================================================================
Received Prepare
Begin MonoManager ReloadAssembly
- Loaded All Assemblies, in  0.415 seconds
Refreshing native plugins compatible for Editor in 3.77 ms, found 4 plugins.
Native extension for WindowsStandalone target not found
[Package Manager] Server::EnsureServerProcessIsRunning -- launch failed, reason: Unity was launched with the -noUpm command-line argument
[Package Manager] UpmClient::Send -- Unable to send message (not connected to UPM process).
[Package Manager] Cannot connect to Unity Package Manager local server
Mono: successfully reloaded assembly
- Finished resetting the current domain, in  0.912 seconds
Domain Reload Profiling: 1324ms
	BeginReloadAssembly (147ms)
		ExecutionOrderSort (0ms)
		DisableScriptedObjects (10ms)
		BackupInstance (0ms)
		ReleaseScriptingObjects (0ms)
		CreateAndSetChildDomain (30ms)
	RebuildCommonClasses (25ms)
	RebuildNativeTypeToScriptingClass (8ms)
	initialDomainReloadingComplete (28ms)
	LoadAllAssembliesAndSetupDomain (204ms)
		LoadAssemblies (275ms)
		RebuildTransferFunctionScriptingTraits (0ms)
		AnalyzeDomain (11ms)
			TypeCache.Refresh (5ms)
				TypeCache.ScanAssembly (0ms)
			ScanForSourceGeneratedMonoScriptInfo (0ms)
			ResolveRequiredComponents (5ms)
	FinalizeReload (912ms)
		ReleaseScriptCaches (0ms)
		RebuildScriptCaches (0ms)
		SetupLoadedEditorAssemblies (385ms)
			LogAssemblyErrors (0ms)
			InitializePlatformSupportModulesInManaged (6ms)
			SetLoadedEditorAssemblies (3ms)
			RefreshPlugins (0ms)
			BeforeProcessingInitializeOnLoad (69ms)
			ProcessInitializeOnLoadAttributes (270ms)
			ProcessInitializeOnLoadMethodAttributes (29ms)
			AfterProcessingInitializeOnLoad (8ms)
			EditorAssembliesLoaded (0ms)
		ExecutionOrderSort2 (0ms)
		AwakeInstancesAfterBackupRestoration (13ms)
Refreshing native plugins compatible for Editor in 7.55 ms, found 4 plugins.
Preloading 0 native plugins for Editor in 0.00 ms.
Unloading 4019 Unused Serialized files (Serialized files now loaded: 0)
Unloading 36 unused Assets / (35.3 KB). Loaded Objects now: 4519.
Memory consumption went from 152.2 MB to 152.2 MB.
Total: 3.436200 ms (FindLiveObjects: 0.266000 ms CreateObjectMapping: 0.209500 ms MarkObjects: 2.904500 ms  DeleteObjects: 0.055600 ms)

Prepare: number of updated asset objects reloaded= 0
AssetImportParameters requested are different than current active one (requested -> active):
  custom:container-demuxer-ogg: 62fdf1f143b41e24485cea50d1cbac27 -> 
  custom:video-decoder-ogg-theora: a1e56fd34408186e4bbccfd4996cb3dc -> 
  custom:framework-win-MediaFoundation: 216162199b28c13a410421893ffa2e32 -> 
  custom:CustomObjectIndexerAttribute: 6d391050e5a25f67b0a2c618074f2cd9 -> 
  custom:container-demuxer-webm: 4f35f7cbe854078d1ac9338744f61a02 -> 
  custom:container-muxer-webm: aa71ff27fc2769a1b78a27578f13a17b -> 
  custom:video-decoder-webm-vp8: 9c59270c3fd7afecdb556c50c9e8de78 -> 
  custom:SearchIndexIgnoredProperties: e643bd26f0fe6173181afceb89e7c659 -> 
  custom:AudioImporter_EditorPlatform: d09bf68614088b80899f8185d706f6e7 -> 
  custom:video-encoder-webm-vp8: eb34c28f22e8b96e1ab97ce403110664 -> 
  custom:audio-decoder-ogg-vorbis: bf7c407c2cedff20999df2af8eb42d56 -> 
  custom:audio-encoder-webm-vorbis: bf7c407c2cedff20999df2af8eb42d56 -> 
========================================================================
Received Prepare
Begin MonoManager ReloadAssembly
- Loaded All Assemblies, in  0.369 seconds
Refreshing native plugins compatible for Editor in 4.33 ms, found 4 plugins.
Native extension for WindowsStandalone target not found
[Package Manager] Server::EnsureServerProcessIsRunning -- launch failed, reason: Unity was launched with the -noUpm command-line argument
[Package Manager] UpmClient::Send -- Unable to send message (not connected to UPM process).
[Package Manager] Cannot connect to Unity Package Manager local server
Mono: successfully reloaded assembly
- Finished resetting the current domain, in  0.859 seconds
Domain Reload Profiling: 1225ms
	BeginReloadAssembly (134ms)
		ExecutionOrderSort (0ms)
		DisableScriptedObjects (9ms)
		BackupInstance (0ms)
		ReleaseScriptingObjects (0ms)
		CreateAndSetChildDomain (31ms)
	RebuildCommonClasses (24ms)
	RebuildNativeTypeToScriptingClass (8ms)
	initialDomainReloadingComplete (24ms)
	LoadAllAssembliesAndSetupDomain (176ms)
		LoadAssemblies (235ms)
		RebuildTransferFunctionScriptingTraits (0ms)
		AnalyzeDomain (9ms)
			TypeCache.Refresh (5ms)
				TypeCache.ScanAssembly (0ms)
			ScanForSourceGeneratedMonoScriptInfo (0ms)
			ResolveRequiredComponents (4ms)
	FinalizeReload (859ms)
		ReleaseScriptCaches (0ms)
		RebuildScriptCaches (0ms)
		SetupLoadedEditorAssemblies (377ms)
			LogAssemblyErrors (0ms)
			InitializePlatformSupportModulesInManaged (6ms)
			SetLoadedEditorAssemblies (3ms)
			RefreshPlugins (0ms)
			BeforeProcessingInitializeOnLoad (68ms)
			ProcessInitializeOnLoadAttributes (261ms)
			ProcessInitializeOnLoadMethodAttributes (32ms)
			AfterProcessingInitializeOnLoad (8ms)
			EditorAssembliesLoaded (0ms)
		ExecutionOrderSort2 (0ms)
		AwakeInstancesAfterBackupRestoration (10ms)
Refreshing native plugins compatible for Editor in 7.07 ms, found 4 plugins.
Preloading 0 native plugins for Editor in 0.00 ms.
Unloading 4020 Unused Serialized files (Serialized files now loaded: 0)
Unloading 36 unused Assets / (35.3 KB). Loaded Objects now: 4523.
Memory consumption went from 154.4 MB to 154.4 MB.
Total: 3.691400 ms (FindLiveObjects: 0.324700 ms CreateObjectMapping: 0.236800 ms MarkObjects: 3.037700 ms  DeleteObjects: 0.091600 ms)

Prepare: number of updated asset objects reloaded= 0
AssetImportParameters requested are different than current active one (requested -> active):
  custom:container-demuxer-ogg: 62fdf1f143b41e24485cea50d1cbac27 -> 
  custom:video-decoder-ogg-theora: a1e56fd34408186e4bbccfd4996cb3dc -> 
  custom:framework-win-MediaFoundation: 216162199b28c13a410421893ffa2e32 -> 
  custom:CustomObjectIndexerAttribute: 6d391050e5a25f67b0a2c618074f2cd9 -> 
  custom:container-demuxer-webm: 4f35f7cbe854078d1ac9338744f61a02 -> 
  custom:container-muxer-webm: aa71ff27fc2769a1b78a27578f13a17b -> 
  custom:video-decoder-webm-vp8: 9c59270c3fd7afecdb556c50c9e8de78 -> 
  custom:SearchIndexIgnoredProperties: e643bd26f0fe6173181afceb89e7c659 -> 
  custom:AudioImporter_EditorPlatform: d09bf68614088b80899f8185d706f6e7 -> 
  custom:video-encoder-webm-vp8: eb34c28f22e8b96e1ab97ce403110664 -> 
  custom:audio-decoder-ogg-vorbis: bf7c407c2cedff20999df2af8eb42d56 -> 
  custom:audio-encoder-webm-vorbis: bf7c407c2cedff20999df2af8eb42d56 -> 
========================================================================
Received Import Request.
  Time since last request: 450.351040 seconds.
  path: Assets/Animation/Enemy/Enemy_Run.anim
  artifactKey: Guid(8039d093d70048d4f8f4004f7177c96a) Importer(815301076,1909f56bfc062723c751e8b465ee728b)
Start importing Assets/Animation/Enemy/Enemy_Run.anim using Guid(8039d093d70048d4f8f4004f7177c96a) Importer(815301076,1909f56bfc062723c751e8b465ee728b)  -> (artifact id: 'c5ed5ff18536aad75e4f45bba0795582') in 0.009286 seconds
Number of updated asset objects reloaded before import = 0
Number of asset objects unloaded after import = 1
========================================================================
Received Import Request.
  Time since last request: 15.822248 seconds.
  path: Assets/Palette/TileSheet1
  artifactKey: Guid(da94f75f720c8084496db5c152fc3e6c) Importer(815301076,1909f56bfc062723c751e8b465ee728b)
Start importing Assets/Palette/TileSheet1 using Guid(da94f75f720c8084496db5c152fc3e6c) Importer(815301076,1909f56bfc062723c751e8b465ee728b)  -> (artifact id: '25b75165fc22116b9daed81f28689614') in 0.000468 seconds
Number of updated asset objects reloaded before import = 0
Number of asset objects unloaded after import = 0
========================================================================
Received Import Request.
  Time since last request: 0.087703 seconds.
  path: Assets/Palette/TileSheet1/Terrain (16x16)_0.asset
  artifactKey: Guid(3272f6c39ce903940804123f9807a88b) Importer(815301076,1909f56bfc062723c751e8b465ee728b)
Start importing Assets/Palette/TileSheet1/Terrain (16x16)_0.asset using Guid(3272f6c39ce903940804123f9807a88b) Importer(815301076,1909f56bfc062723c751e8b465ee728b)  -> (artifact id: 'd6a35df40d72779792b75a436d292fb5') in 0.061863 seconds
Number of updated asset objects reloaded before import = 0
Number of asset objects unloaded after import = 3
========================================================================
Received Import Request.
  Time since last request: 0.000013 seconds.
  path: Assets/Palette/TileSheet1/Terrain (16x16)_3.asset
  artifactKey: Guid(89e127c2f49f9434d96634efb17bc927) Importer(815301076,1909f56bfc062723c751e8b465ee728b)
Start importing Assets/Palette/TileSheet1/Terrain (16x16)_3.asset using Guid(89e127c2f49f9434d96634efb17bc927) Importer(815301076,1909f56bfc062723c751e8b465ee728b)  -> (artifact id: '1879938c424c1602f70d92c716e6cade') in 0.011474 seconds
Number of updated asset objects reloaded before import = 0
Number of asset objects unloaded after import = 3
========================================================================
Received Import Request.
  Time since last request: 0.000015 seconds.
  path: Assets/Palette/TileSheet1/Terrain (16x16)_22.asset
  artifactKey: Guid(9db6b778880c1674b807182cc5ddac33) Importer(815301076,1909f56bfc062723c751e8b465ee728b)
Start importing Assets/Palette/TileSheet1/Terrain (16x16)_22.asset using Guid(9db6b778880c1674b807182cc5ddac33) Importer(815301076,1909f56bfc062723c751e8b465ee728b)  -> (artifact id: '155a0e21a753cd9bd5e82891427edab0') in 0.007955 seconds
Number of updated asset objects reloaded before import = 0
Number of asset objects unloaded after import = 3
========================================================================
Received Import Request.
  Time since last request: 0.000011 seconds.
  path: Assets/Palette/TileSheet1/Terrain (16x16)_63.asset
  artifactKey: Guid(518b6f211a75e0342b194d2c5baccfd8) Importer(815301076,1909f56bfc062723c751e8b465ee728b)
Start importing Assets/Palette/TileSheet1/Terrain (16x16)_63.asset using Guid(518b6f211a75e0342b194d2c5baccfd8) Importer(815301076,1909f56bfc062723c751e8b465ee728b)  -> (artifact id: '3529788bd03778fbfec82717fd2462c4') in 0.008813 seconds
Number of updated asset objects reloaded before import = 0
Number of asset objects unloaded after import = 3
========================================================================
Received Import Request.
  Time since last request: 0.000019 seconds.
  path: Assets/Palette/TileSheet1/Terrain (16x16)_34.asset
  artifactKey: Guid(076c06c695b65db4299bbf99698acf04) Importer(815301076,1909f56bfc062723c751e8b465ee728b)
Start importing Assets/Palette/TileSheet1/Terrain (16x16)_34.asset using Guid(076c06c695b65db4299bbf99698acf04) Importer(815301076,1909f56bfc062723c751e8b465ee728b)  -> (artifact id: '00bcc99dc73fed31cc7179c33f26e823') in 0.009624 seconds
Number of updated asset objects reloaded before import = 0
Number of asset objects unloaded after import = 3
========================================================================
Received Import Request.
  Time since last request: 0.000013 seconds.
  path: Assets/Palette/TileSheet1/Terrain (16x16)_8.asset
  artifactKey: Guid(5aaab0fd50b007a4f840b2274b7fb5b2) Importer(815301076,1909f56bfc062723c751e8b465ee728b)
Start importing Assets/Palette/TileSheet1/Terrain (16x16)_8.asset using Guid(5aaab0fd50b007a4f840b2274b7fb5b2) Importer(815301076,1909f56bfc062723c751e8b465ee728b)  -> (artifact id: '74a23a533ccf94fd373711dbcf1ce916') in 0.009395 seconds
Number of updated asset objects reloaded before import = 0
Number of asset objects unloaded after import = 3
========================================================================
Received Import Request.
  Time since last request: 0.000014 seconds.
  path: Assets/Palette/TileSheet1/Terrain (16x16)_67.asset
  artifactKey: Guid(9599bad12908e0b47ad9c0884d1225ef) Importer(815301076,1909f56bfc062723c751e8b465ee728b)
Start importing Assets/Palette/TileSheet1/Terrain (16x16)_67.asset using Guid(9599bad12908e0b47ad9c0884d1225ef) Importer(815301076,1909f56bfc062723c751e8b465ee728b)  -> (artifact id: '74c580fe9f24acebc5764282212fd53a') in 0.016879 seconds
Number of updated asset objects reloaded before import = 0
Number of asset objects unloaded after import = 3
========================================================================
Received Import Request.
  Time since last request: 0.000015 seconds.
  path: Assets/Palette/TileSheet1/Terrain (16x16)_9.asset
  artifactKey: Guid(59715b2f02bf7a24eaeec224b8a0a46c) Importer(815301076,1909f56bfc062723c751e8b465ee728b)
Start importing Assets/Palette/TileSheet1/Terrain (16x16)_9.asset using Guid(59715b2f02bf7a24eaeec224b8a0a46c) Importer(815301076,1909f56bfc062723c751e8b465ee728b)  -> (artifact id: '018b6105691495cbfd147ab9a4586a51') in 0.010038 seconds
Number of updated asset objects reloaded before import = 0
Number of asset objects unloaded after import = 3
========================================================================
Received Import Request.
  Time since last request: 0.000020 seconds.
  path: Assets/Palette/TileSheet1/Terrain (16x16)_42.asset
  artifactKey: Guid(3927cfcc53bc4864fa8b5b16b7ccfd5f) Importer(815301076,1909f56bfc062723c751e8b465ee728b)
Start importing Assets/Palette/TileSheet1/Terrain (16x16)_42.asset using Guid(3927cfcc53bc4864fa8b5b16b7ccfd5f) Importer(815301076,1909f56bfc062723c751e8b465ee728b)  -> (artifact id: '8077094a335d55a64408f650cddcb75e') in 0.007705 seconds
Number of updated asset objects reloaded before import = 0
Number of asset objects unloaded after import = 3
========================================================================
Received Import Request.
  Time since last request: 0.000014 seconds.
  path: Assets/Palette/TileSheet1/Terrain (16x16)_11.asset
  artifactKey: Guid(cf9c011fcd238cf49846162a9c707ea7) Importer(815301076,1909f56bfc062723c751e8b465ee728b)
Start importing Assets/Palette/TileSheet1/Terrain (16x16)_11.asset using Guid(cf9c011fcd238cf49846162a9c707ea7) Importer(815301076,1909f56bfc062723c751e8b465ee728b)  -> (artifact id: '83bf17146ac451a852265b8d94e19a28') in 0.008779 seconds
Number of updated asset objects reloaded before import = 0
Number of asset objects unloaded after import = 3
========================================================================
Received Import Request.
  Time since last request: 0.000015 seconds.
  path: Assets/Palette/TileSheet1/Terrain (16x16)_5.asset
  artifactKey: Guid(8822d5edb2457844ebbfece736a43fe6) Importer(815301076,1909f56bfc062723c751e8b465ee728b)
Start importing Assets/Palette/TileSheet1/Terrain (16x16)_5.asset using Guid(8822d5edb2457844ebbfece736a43fe6) Importer(815301076,1909f56bfc062723c751e8b465ee728b)  -> (artifact id: '7c67a221a9783f7e6d85456515c9acf6') in 0.007703 seconds
Number of updated asset objects reloaded before import = 0
Number of asset objects unloaded after import = 3
========================================================================
Received Import Request.
  Time since last request: 0.000012 seconds.
  path: Assets/Palette/TileSheet1/Terrain (16x16)_7.asset
  artifactKey: Guid(709ea1a31823cf441a96e3c6e5c629b6) Importer(815301076,1909f56bfc062723c751e8b465ee728b)
Start importing Assets/Palette/TileSheet1/Terrain (16x16)_7.asset using Guid(709ea1a31823cf441a96e3c6e5c629b6) Importer(815301076,1909f56bfc062723c751e8b465ee728b)  -> (artifact id: 'eac41e2f68a023e1b69c771969c52268') in 0.007294 seconds
Number of updated asset objects reloaded before import = 0
Number of asset objects unloaded after import = 3
========================================================================
Received Import Request.
  Time since last request: 0.000015 seconds.
  path: Assets/Palette/TileSheet1/Terrain (16x16)_45.asset
  artifactKey: Guid(3bfdf64a9e9b0fa48984101bb30d3ed2) Importer(815301076,1909f56bfc062723c751e8b465ee728b)
Start importing Assets/Palette/TileSheet1/Terrain (16x16)_45.asset using Guid(3bfdf64a9e9b0fa48984101bb30d3ed2) Importer(815301076,1909f56bfc062723c751e8b465ee728b)  -> (artifact id: '7d7cf274043996a17be674776402f4ac') in 0.006804 seconds
Number of updated asset objects reloaded before import = 0
Number of asset objects unloaded after import = 3
========================================================================
Received Import Request.
  Time since last request: 0.000011 seconds.
  path: Assets/Palette/TileSheet1/Terrain (16x16)_25.asset
  artifactKey: Guid(7a28b89104cef154ea5972b3f05c0c5a) Importer(815301076,1909f56bfc062723c751e8b465ee728b)
Start importing Assets/Palette/TileSheet1/Terrain (16x16)_25.asset using Guid(7a28b89104cef154ea5972b3f05c0c5a) Importer(815301076,1909f56bfc062723c751e8b465ee728b)  -> (artifact id: '1b333db5931d5e7836f1cb779dfee757') in 0.007733 seconds
Number of updated asset objects reloaded before import = 0
Number of asset objects unloaded after import = 3
========================================================================
Received Import Request.
  Time since last request: 0.000013 seconds.
  path: Assets/Palette/TileSheet1/Terrain (16x16)_80.asset
  artifactKey: Guid(78ce54850c9940643a83176e59f09012) Importer(815301076,1909f56bfc062723c751e8b465ee728b)
Start importing Assets/Palette/TileSheet1/Terrain (16x16)_80.asset using Guid(78ce54850c9940643a83176e59f09012) Importer(815301076,1909f56bfc062723c751e8b465ee728b)  -> (artifact id: 'def7f457348ac9b8d7ab9d4d953d2aa5') in 0.008951 seconds
Number of updated asset objects reloaded before import = 0
Number of asset objects unloaded after import = 3
========================================================================
Received Import Request.
  Time since last request: 0.000012 seconds.
  path: Assets/Palette/TileSheet1/Terrain (16x16)_85.asset
  artifactKey: Guid(93d720803b76bd0469f402b28658feac) Importer(815301076,1909f56bfc062723c751e8b465ee728b)
Start importing Assets/Palette/TileSheet1/Terrain (16x16)_85.asset using Guid(93d720803b76bd0469f402b28658feac) Importer(815301076,1909f56bfc062723c751e8b465ee728b)  -> (artifact id: '55d4d8a21fa20898ee7e3e6ed723781b') in 0.006946 seconds
Number of updated asset objects reloaded before import = 0
Number of asset objects unloaded after import = 3
========================================================================
Received Import Request.
  Time since last request: 0.000012 seconds.
  path: Assets/Palette/TileSheet1/Terrain (16x16)_52.asset
  artifactKey: Guid(ea6fe6881620d9246880049700f5c74e) Importer(815301076,1909f56bfc062723c751e8b465ee728b)
Start importing Assets/Palette/TileSheet1/Terrain (16x16)_52.asset using Guid(ea6fe6881620d9246880049700f5c74e) Importer(815301076,1909f56bfc062723c751e8b465ee728b)  -> (artifact id: 'c08765665a711fb0fb573b02bef6a379') in 0.006746 seconds
Number of updated asset objects reloaded before import = 0
Number of asset objects unloaded after import = 3
========================================================================
Received Import Request.
  Time since last request: 0.000011 seconds.
  path: Assets/Palette/TileSheet1/Terrain (16x16)_65.asset
  artifactKey: Guid(d850f350337d99a4fb107f6a3da8962c) Importer(815301076,1909f56bfc062723c751e8b465ee728b)
Start importing Assets/Palette/TileSheet1/Terrain (16x16)_65.asset using Guid(d850f350337d99a4fb107f6a3da8962c) Importer(815301076,1909f56bfc062723c751e8b465ee728b)  -> (artifact id: 'cd56cb8606c458b167d494e7f55c8c1d') in 0.006681 seconds
Number of updated asset objects reloaded before import = 0
Number of asset objects unloaded after import = 3
========================================================================
Received Import Request.
  Time since last request: 0.000016 seconds.
  path: Assets/Palette/TileSheet1/Terrain (16x16)_17.asset
  artifactKey: Guid(3fb47a1b88d115542b84330d0325ef97) Importer(815301076,1909f56bfc062723c751e8b465ee728b)
Start importing Assets/Palette/TileSheet1/Terrain (16x16)_17.asset using Guid(3fb47a1b88d115542b84330d0325ef97) Importer(815301076,1909f56bfc062723c751e8b465ee728b)  -> (artifact id: '00d1a204b251e22f0ba970a99cd28a75') in 0.008441 seconds
Number of updated asset objects reloaded before import = 0
Number of asset objects unloaded after import = 3
========================================================================
Received Import Request.
  Time since last request: 0.000011 seconds.
  path: Assets/Palette/TileSheet1/Terrain (16x16)_43.asset
  artifactKey: Guid(cbbb8f17ac868494e96c443a36d5a652) Importer(815301076,1909f56bfc062723c751e8b465ee728b)
Start importing Assets/Palette/TileSheet1/Terrain (16x16)_43.asset using Guid(cbbb8f17ac868494e96c443a36d5a652) Importer(815301076,1909f56bfc062723c751e8b465ee728b)  -> (artifact id: 'd856b77304346c3084eb51d8442eb020') in 0.008254 seconds
Number of updated asset objects reloaded before import = 0
Number of asset objects unloaded after import = 3
========================================================================
Received Import Request.
  Time since last request: 0.000013 seconds.
  path: Assets/Palette/TileSheet1/Terrain (16x16)_44.asset
  artifactKey: Guid(8de2bfdfb26cad544a6a2c637ab7a7d9) Importer(815301076,1909f56bfc062723c751e8b465ee728b)
Start importing Assets/Palette/TileSheet1/Terrain (16x16)_44.asset using Guid(8de2bfdfb26cad544a6a2c637ab7a7d9) Importer(815301076,1909f56bfc062723c751e8b465ee728b)  -> (artifact id: 'b1ab8a596d7d1b93da13754907aae9fd') in 0.007742 seconds
Number of updated asset objects reloaded before import = 0
Number of asset objects unloaded after import = 3
========================================================================
Received Import Request.
  Time since last request: 0.000014 seconds.
  path: Assets/Palette/TileSheet1/Terrain (16x16)_74.asset
  artifactKey: Guid(91d7d6b9846cdab48bcd4fbde8778591) Importer(815301076,1909f56bfc062723c751e8b465ee728b)
Start importing Assets/Palette/TileSheet1/Terrain (16x16)_74.asset using Guid(91d7d6b9846cdab48bcd4fbde8778591) Importer(815301076,1909f56bfc062723c751e8b465ee728b)  -> (artifact id: 'ea9621f208426e670c90bdbaad543853') in 0.009986 seconds
Number of updated asset objects reloaded before import = 0
Number of asset objects unloaded after import = 3
========================================================================
Received Import Request.
  Time since last request: 0.000014 seconds.
  path: Assets/Palette/TileSheet1/Terrain (16x16)_55.asset
  artifactKey: Guid(bec24453d9465f1409ca7f9a24c1a955) Importer(815301076,1909f56bfc062723c751e8b465ee728b)
Start importing Assets/Palette/TileSheet1/Terrain (16x16)_55.asset using Guid(bec24453d9465f1409ca7f9a24c1a955) Importer(815301076,1909f56bfc062723c751e8b465ee728b)  -> (artifact id: 'ae88e7a968c0b151f25553a3f92b2c99') in 0.007698 seconds
Number of updated asset objects reloaded before import = 0
Number of asset objects unloaded after import = 3
========================================================================
Received Import Request.
  Time since last request: 0.000011 seconds.
  path: Assets/Palette/TileSheet1/Terrain (16x16)_83.asset
  artifactKey: Guid(f70c408d879c4864fa0afadf3a76445b) Importer(815301076,1909f56bfc062723c751e8b465ee728b)
Start importing Assets/Palette/TileSheet1/Terrain (16x16)_83.asset using Guid(f70c408d879c4864fa0afadf3a76445b) Importer(815301076,1909f56bfc062723c751e8b465ee728b)  -> (artifact id: 'e9a97bb1ac1519d6529a3d08ebb3948c') in 0.006385 seconds
Number of updated asset objects reloaded before import = 0
Number of asset objects unloaded after import = 3
========================================================================
Received Import Request.
  Time since last request: 0.000012 seconds.
  path: Assets/Palette/TileSheet1/Terrain (16x16)_53.asset
  artifactKey: Guid(266599cb2c50b9843b068f194081e302) Importer(815301076,1909f56bfc062723c751e8b465ee728b)
Start importing Assets/Palette/TileSheet1/Terrain (16x16)_53.asset using Guid(266599cb2c50b9843b068f194081e302) Importer(815301076,1909f56bfc062723c751e8b465ee728b)  -> (artifact id: '4e443d3856eb3666d4fac688cf5e135e') in 0.007716 seconds
Number of updated asset objects reloaded before import = 0
Number of asset objects unloaded after import = 3
========================================================================
Received Import Request.
  Time since last request: 0.000015 seconds.
  path: Assets/Palette/TileSheet1/Terrain (16x16)_47.asset
  artifactKey: Guid(401a7879882351f4d8a71faa35a2972f) Importer(815301076,1909f56bfc062723c751e8b465ee728b)
Start importing Assets/Palette/TileSheet1/Terrain (16x16)_47.asset using Guid(401a7879882351f4d8a71faa35a2972f) Importer(815301076,1909f56bfc062723c751e8b465ee728b)  -> (artifact id: 'd7bd39b3b41c91820913cd982c217516') in 0.007229 seconds
Number of updated asset objects reloaded before import = 0
Number of asset objects unloaded after import = 3
========================================================================
Received Import Request.
  Time since last request: 0.000012 seconds.
  path: Assets/Palette/TileSheet1/Terrain (16x16)_32.asset
  artifactKey: Guid(e9c27e7695d6b264f8bf25cfea836552) Importer(815301076,1909f56bfc062723c751e8b465ee728b)
Start importing Assets/Palette/TileSheet1/Terrain (16x16)_32.asset using Guid(e9c27e7695d6b264f8bf25cfea836552) Importer(815301076,1909f56bfc062723c751e8b465ee728b)  -> (artifact id: 'af71b0a412b30a5e3b980136c0eee416') in 0.007457 seconds
Number of updated asset objects reloaded before import = 0
Number of asset objects unloaded after import = 3
========================================================================
Received Import Request.
  Time since last request: 0.000014 seconds.
  path: Assets/Palette/TileSheet1/Terrain (16x16)_20.asset
  artifactKey: Guid(af3a9eb1b238d8046a826c23ac24a3e9) Importer(815301076,1909f56bfc062723c751e8b465ee728b)
Start importing Assets/Palette/TileSheet1/Terrain (16x16)_20.asset using Guid(af3a9eb1b238d8046a826c23ac24a3e9) Importer(815301076,1909f56bfc062723c751e8b465ee728b)  -> (artifact id: 'e0e8f9da775fb96bf96468fcf4ac47f3') in 0.007847 seconds
Number of updated asset objects reloaded before import = 0
Number of asset objects unloaded after import = 3
========================================================================
Received Import Request.
  Time since last request: 0.000014 seconds.
  path: Assets/Palette/TileSheet1/Terrain (16x16)_38.asset
  artifactKey: Guid(ab41eab86be9d524f83e235023526dee) Importer(815301076,1909f56bfc062723c751e8b465ee728b)
Start importing Assets/Palette/TileSheet1/Terrain (16x16)_38.asset using Guid(ab41eab86be9d524f83e235023526dee) Importer(815301076,1909f56bfc062723c751e8b465ee728b)  -> (artifact id: '1972e58904cad355d451304979815365') in 0.008792 seconds
Number of updated asset objects reloaded before import = 0
Number of asset objects unloaded after import = 3
========================================================================
Received Import Request.
  Time since last request: 0.000035 seconds.
  path: Assets/Palette/TileSheet1/Terrain (16x16)_59.asset
  artifactKey: Guid(7d5f8ed106fa55248a7cbd8a681af9ab) Importer(815301076,1909f56bfc062723c751e8b465ee728b)
Start importing Assets/Palette/TileSheet1/Terrain (16x16)_59.asset using Guid(7d5f8ed106fa55248a7cbd8a681af9ab) Importer(815301076,1909f56bfc062723c751e8b465ee728b)  -> (artifact id: 'b6f827dce76c0cd54a8380dc5c74ad48') in 0.009630 seconds
Number of updated asset objects reloaded before import = 0
Number of asset objects unloaded after import = 3
========================================================================
Received Import Request.
  Time since last request: 0.000014 seconds.
  path: Assets/Palette/TileSheet1/Terrain (16x16)_16.asset
  artifactKey: Guid(5ad8db9d44257a943afe381adf521d2a) Importer(815301076,1909f56bfc062723c751e8b465ee728b)
Start importing Assets/Palette/TileSheet1/Terrain (16x16)_16.asset using Guid(5ad8db9d44257a943afe381adf521d2a) Importer(815301076,1909f56bfc062723c751e8b465ee728b)  -> (artifact id: '7490960fbcf723f22f548a277a5e47c3') in 0.010041 seconds
Number of updated asset objects reloaded before import = 0
Number of asset objects unloaded after import = 3
========================================================================
Received Import Request.
  Time since last request: 0.000021 seconds.
  path: Assets/Palette/TileSheet1/Terrain (16x16)_36.asset
  artifactKey: Guid(87a5b1a2240329643ab745916891c5c5) Importer(815301076,1909f56bfc062723c751e8b465ee728b)
Start importing Assets/Palette/TileSheet1/Terrain (16x16)_36.asset using Guid(87a5b1a2240329643ab745916891c5c5) Importer(815301076,1909f56bfc062723c751e8b465ee728b)  -> (artifact id: '0cb49576fbaf49017db4ee924fa509bd') in 0.009557 seconds
Number of updated asset objects reloaded before import = 0
Number of asset objects unloaded after import = 3
========================================================================
Received Import Request.
  Time since last request: 0.000021 seconds.
  path: Assets/Palette/TileSheet1/Terrain (16x16)_14.asset
  artifactKey: Guid(743f4da8d4aadb141bfab04c6bd9f4c4) Importer(815301076,1909f56bfc062723c751e8b465ee728b)
Start importing Assets/Palette/TileSheet1/Terrain (16x16)_14.asset using Guid(743f4da8d4aadb141bfab04c6bd9f4c4) Importer(815301076,1909f56bfc062723c751e8b465ee728b)  -> (artifact id: 'f70b813a2498bef485ad8c2da0f16c4b') in 0.009423 seconds
Number of updated asset objects reloaded before import = 0
Number of asset objects unloaded after import = 3
========================================================================
Received Import Request.
  Time since last request: 0.000017 seconds.
  path: Assets/Palette/TileSheet1/Terrain (16x16)_76.asset
  artifactKey: Guid(20f268954af152b4291fbb79fe998491) Importer(815301076,1909f56bfc062723c751e8b465ee728b)
Start importing Assets/Palette/TileSheet1/Terrain (16x16)_76.asset using Guid(20f268954af152b4291fbb79fe998491) Importer(815301076,1909f56bfc062723c751e8b465ee728b)  -> (artifact id: 'e231ab9b275f603a27f2715bac1fc262') in 0.009249 seconds
Number of updated asset objects reloaded before import = 0
Number of asset objects unloaded after import = 3
========================================================================
Received Import Request.
  Time since last request: 0.000014 seconds.
  path: Assets/Palette/TileSheet1/Terrain (16x16)_81.asset
  artifactKey: Guid(919ffc7c79e9e114d97d90e00acdcb7a) Importer(815301076,1909f56bfc062723c751e8b465ee728b)
Start importing Assets/Palette/TileSheet1/Terrain (16x16)_81.asset using Guid(919ffc7c79e9e114d97d90e00acdcb7a) Importer(815301076,1909f56bfc062723c751e8b465ee728b)  -> (artifact id: '565eaf90cd317a1a4cc23bfb872a73d4') in 0.009423 seconds
Number of updated asset objects reloaded before import = 0
Number of asset objects unloaded after import = 3
========================================================================
Received Import Request.
  Time since last request: 0.000015 seconds.
  path: Assets/Palette/TileSheet1/Terrain (16x16)_48.asset
  artifactKey: Guid(170e40e48b36fe14c8ee7d09b97f9977) Importer(815301076,1909f56bfc062723c751e8b465ee728b)
Start importing Assets/Palette/TileSheet1/Terrain (16x16)_48.asset using Guid(170e40e48b36fe14c8ee7d09b97f9977) Importer(815301076,1909f56bfc062723c751e8b465ee728b)  -> (artifact id: 'ad2ade30338798a40b9344754a7a5124') in 0.009014 seconds
Number of updated asset objects reloaded before import = 0
Number of asset objects unloaded after import = 3
========================================================================
Received Import Request.
  Time since last request: 0.000015 seconds.
  path: Assets/Palette/TileSheet1/Terrain (16x16)_64.asset
  artifactKey: Guid(9918cbc53d2803d408087c43e599c3dc) Importer(815301076,1909f56bfc062723c751e8b465ee728b)
Start importing Assets/Palette/TileSheet1/Terrain (16x16)_64.asset using Guid(9918cbc53d2803d408087c43e599c3dc) Importer(815301076,1909f56bfc062723c751e8b465ee728b)  -> (artifact id: '61baa2e8ec48ddc711f591ec5052d434') in 0.009026 seconds
Number of updated asset objects reloaded before import = 0
Number of asset objects unloaded after import = 3
========================================================================
Received Import Request.
  Time since last request: 0.000015 seconds.
  path: Assets/Palette/TileSheet1/Terrain (16x16)_75.asset
  artifactKey: Guid(8a1c87c23005f8345bc25a4ce7a4f3f8) Importer(815301076,1909f56bfc062723c751e8b465ee728b)
Start importing Assets/Palette/TileSheet1/Terrain (16x16)_75.asset using Guid(8a1c87c23005f8345bc25a4ce7a4f3f8) Importer(815301076,1909f56bfc062723c751e8b465ee728b)  -> (artifact id: 'd8071f14a7c14f8db827c01e965962a7') in 0.008198 seconds
Number of updated asset objects reloaded before import = 0
Number of asset objects unloaded after import = 3
========================================================================
Received Import Request.
  Time since last request: 0.000014 seconds.
  path: Assets/Palette/TileSheet1/Terrain (16x16)_4.asset
  artifactKey: Guid(3589b4d68a9b65141863e12e7bacbc53) Importer(815301076,1909f56bfc062723c751e8b465ee728b)
Start importing Assets/Palette/TileSheet1/Terrain (16x16)_4.asset using Guid(3589b4d68a9b65141863e12e7bacbc53) Importer(815301076,1909f56bfc062723c751e8b465ee728b)  -> (artifact id: '1f4ee5e2d7075ffcfc79d4ebc6e64485') in 0.009139 seconds
Number of updated asset objects reloaded before import = 0
Number of asset objects unloaded after import = 3
========================================================================
Received Import Request.
  Time since last request: 0.000017 seconds.
  path: Assets/Palette/TileSheet1/Terrain (16x16)_77.asset
  artifactKey: Guid(8b2a552ce5d835e44b9539047cdb4f35) Importer(815301076,1909f56bfc062723c751e8b465ee728b)
Start importing Assets/Palette/TileSheet1/Terrain (16x16)_77.asset using Guid(8b2a552ce5d835e44b9539047cdb4f35) Importer(815301076,1909f56bfc062723c751e8b465ee728b)  -> (artifact id: 'd02a1e39c78bf5f4ed1d0c562d616139') in 0.009169 seconds
Number of updated asset objects reloaded before import = 0
Number of asset objects unloaded after import = 3
========================================================================
Received Import Request.
  Time since last request: 0.000019 seconds.
  path: Assets/Palette/TileSheet1/Terrain (16x16)_13.asset
  artifactKey: Guid(97af77959e0ac4941a53f63704fa01e0) Importer(815301076,1909f56bfc062723c751e8b465ee728b)
Start importing Assets/Palette/TileSheet1/Terrain (16x16)_13.asset using Guid(97af77959e0ac4941a53f63704fa01e0) Importer(815301076,1909f56bfc062723c751e8b465ee728b)  -> (artifact id: 'fba1c498dcc28c623cf11453dc8001db') in 0.009154 seconds
Number of updated asset objects reloaded before import = 0
Number of asset objects unloaded after import = 3
========================================================================
Received Import Request.
  Time since last request: 0.000014 seconds.
  path: Assets/Palette/TileSheet1/Terrain (16x16)_19.asset
  artifactKey: Guid(5ccf53a38b512aa4e96c8e3d0494de40) Importer(815301076,1909f56bfc062723c751e8b465ee728b)
Start importing Assets/Palette/TileSheet1/Terrain (16x16)_19.asset using Guid(5ccf53a38b512aa4e96c8e3d0494de40) Importer(815301076,1909f56bfc062723c751e8b465ee728b)  -> (artifact id: '6143f60cd8e48c1fedb17869947145c0') in 0.008918 seconds
Number of updated asset objects reloaded before import = 0
Number of asset objects unloaded after import = 3
========================================================================
Received Import Request.
  Time since last request: 0.000018 seconds.
  path: Assets/Palette/TileSheet1/Terrain (16x16)_46.asset
  artifactKey: Guid(c365e0881bbf66a4e90141741e431a76) Importer(815301076,1909f56bfc062723c751e8b465ee728b)
Start importing Assets/Palette/TileSheet1/Terrain (16x16)_46.asset using Guid(c365e0881bbf66a4e90141741e431a76) Importer(815301076,1909f56bfc062723c751e8b465ee728b)  -> (artifact id: 'eb9f58857933a251e74696af6cdee1ed') in 0.008877 seconds
Number of updated asset objects reloaded before import = 0
Number of asset objects unloaded after import = 3
========================================================================
Received Import Request.
  Time since last request: 0.483783 seconds.
  path: Assets/Palette/TileSheet1/Terrain (16x16)_86.asset
  artifactKey: Guid(0eafc63f2933e494ba554d33647686c9) Importer(815301076,1909f56bfc062723c751e8b465ee728b)
Start importing Assets/Palette/TileSheet1/Terrain (16x16)_86.asset using Guid(0eafc63f2933e494ba554d33647686c9) Importer(815301076,1909f56bfc062723c751e8b465ee728b)  -> (artifact id: '6c2a8c5de6051aa12cb42bd40c472855') in 0.008500 seconds
Number of updated asset objects reloaded before import = 0
Number of asset objects unloaded after import = 3
========================================================================
Received Import Request.
  Time since last request: 0.000014 seconds.
  path: Assets/Palette/TileSheet1/Terrain (16x16)_101.asset
  artifactKey: Guid(a2f14aa0c32d522418f3d05ec449f557) Importer(815301076,1909f56bfc062723c751e8b465ee728b)
Start importing Assets/Palette/TileSheet1/Terrain (16x16)_101.asset using Guid(a2f14aa0c32d522418f3d05ec449f557) Importer(815301076,1909f56bfc062723c751e8b465ee728b)  -> (artifact id: 'b94659bf1c1749051308ef69d7b4b06b') in 0.007864 seconds
Number of updated asset objects reloaded before import = 0
Number of asset objects unloaded after import = 3
========================================================================
Received Import Request.
  Time since last request: 0.000018 seconds.
  path: Assets/Palette/TileSheet1/Terrain (16x16)_99.asset
  artifactKey: Guid(f9a921367749b51418399d7d9a926622) Importer(815301076,1909f56bfc062723c751e8b465ee728b)
Start importing Assets/Palette/TileSheet1/Terrain (16x16)_99.asset using Guid(f9a921367749b51418399d7d9a926622) Importer(815301076,1909f56bfc062723c751e8b465ee728b)  -> (artifact id: 'b7749da0bfc771229f1cb4567c2f73ef') in 0.007445 seconds
Number of updated asset objects reloaded before import = 0
Number of asset objects unloaded after import = 3
========================================================================
Received Import Request.
  Time since last request: 0.000012 seconds.
  path: Assets/Palette/TileSheet1/Terrain (16x16)_89.asset
  artifactKey: Guid(14630d1ecc50c9b47855989139540a49) Importer(815301076,1909f56bfc062723c751e8b465ee728b)
Start importing Assets/Palette/TileSheet1/Terrain (16x16)_89.asset using Guid(14630d1ecc50c9b47855989139540a49) Importer(815301076,1909f56bfc062723c751e8b465ee728b)  -> (artifact id: 'a439d2ae3c823b4adda79e8d926c7af0') in 0.007057 seconds
Number of updated asset objects reloaded before import = 0
Number of asset objects unloaded after import = 3
========================================================================
Received Import Request.
  Time since last request: 0.000013 seconds.
  path: Assets/Palette/TileSheet1/Terrain (16x16)_88.asset
  artifactKey: Guid(90180d12e6fe0d04dab6fe6ff5081d53) Importer(815301076,1909f56bfc062723c751e8b465ee728b)
Start importing Assets/Palette/TileSheet1/Terrain (16x16)_88.asset using Guid(90180d12e6fe0d04dab6fe6ff5081d53) Importer(815301076,1909f56bfc062723c751e8b465ee728b)  -> (artifact id: '2d9a789300634d8cd23dcc1993f8a860') in 0.008594 seconds
Number of updated asset objects reloaded before import = 0
Number of asset objects unloaded after import = 3
========================================================================
Received Import Request.
  Time since last request: 0.000014 seconds.
  path: Assets/Palette/TileSheet1/Terrain (16x16)_92.asset
  artifactKey: Guid(4895b7c6e56e4b441b41d8ac1eb18d85) Importer(815301076,1909f56bfc062723c751e8b465ee728b)
Start importing Assets/Palette/TileSheet1/Terrain (16x16)_92.asset using Guid(4895b7c6e56e4b441b41d8ac1eb18d85) Importer(815301076,1909f56bfc062723c751e8b465ee728b)  -> (artifact id: 'a8ddb787324b2a100391d6b92cf9a90c') in 0.007532 seconds
Number of updated asset objects reloaded before import = 0
Number of asset objects unloaded after import = 3
========================================================================
Received Import Request.
  Time since last request: 0.000013 seconds.
  path: Assets/Palette/TileSheet1/Terrain (16x16)_118.asset
  artifactKey: Guid(61ad9070c59694f4ba80f1699467296c) Importer(815301076,1909f56bfc062723c751e8b465ee728b)
Start importing Assets/Palette/TileSheet1/Terrain (16x16)_118.asset using Guid(61ad9070c59694f4ba80f1699467296c) Importer(815301076,1909f56bfc062723c751e8b465ee728b)  -> (artifact id: 'fa31733875d4b7afd22242616586abee') in 0.007948 seconds
Number of updated asset objects reloaded before import = 0
Number of asset objects unloaded after import = 3
========================================================================
Received Import Request.
  Time since last request: 0.000014 seconds.
  path: Assets/Palette/TileSheet1/Terrain (16x16)_107.asset
  artifactKey: Guid(472f785d521649c41950e37fe40d69dd) Importer(815301076,1909f56bfc062723c751e8b465ee728b)
Start importing Assets/Palette/TileSheet1/Terrain (16x16)_107.asset using Guid(472f785d521649c41950e37fe40d69dd) Importer(815301076,1909f56bfc062723c751e8b465ee728b)  -> (artifact id: '2023e7ea7c9d218c6c1acce9b8e16366') in 0.008448 seconds
Number of updated asset objects reloaded before import = 0
Number of asset objects unloaded after import = 3
========================================================================
Received Import Request.
  Time since last request: 0.000013 seconds.
  path: Assets/Palette/TileSheet1/Terrain (16x16)_110.asset
  artifactKey: Guid(0002f93ffe224da45a413ecaf6d50f05) Importer(815301076,1909f56bfc062723c751e8b465ee728b)
Start importing Assets/Palette/TileSheet1/Terrain (16x16)_110.asset using Guid(0002f93ffe224da45a413ecaf6d50f05) Importer(815301076,1909f56bfc062723c751e8b465ee728b)  -> (artifact id: '3c1f7c80f9d28ac88f8ab56bf0efc6ae') in 0.007719 seconds
Number of updated asset objects reloaded before import = 0
Number of asset objects unloaded after import = 3
========================================================================
Received Import Request.
  Time since last request: 0.000017 seconds.
  path: Assets/Palette/TileSheet1/Terrain (16x16)_135.asset
  artifactKey: Guid(a4b68ba592ecf3841b5cd28032798e17) Importer(815301076,1909f56bfc062723c751e8b465ee728b)
Start importing Assets/Palette/TileSheet1/Terrain (16x16)_135.asset using Guid(a4b68ba592ecf3841b5cd28032798e17) Importer(815301076,1909f56bfc062723c751e8b465ee728b)  -> (artifact id: '574d352db14ed80551e7673e5a3b7923') in 0.008696 seconds
Number of updated asset objects reloaded before import = 0
Number of asset objects unloaded after import = 3
========================================================================
Received Import Request.
  Time since last request: 0.000016 seconds.
  path: Assets/Palette/TileSheet1/Terrain (16x16)_120.asset
  artifactKey: Guid(1e5163755c84c1d4685bafa1b3dad84c) Importer(815301076,1909f56bfc062723c751e8b465ee728b)
Start importing Assets/Palette/TileSheet1/Terrain (16x16)_120.asset using Guid(1e5163755c84c1d4685bafa1b3dad84c) Importer(815301076,1909f56bfc062723c751e8b465ee728b)  -> (artifact id: '7fae3669f2688b573dae8d32cb304629') in 0.007633 seconds
Number of updated asset objects reloaded before import = 0
Number of asset objects unloaded after import = 3
========================================================================
Received Import Request.
  Time since last request: 0.000012 seconds.
  path: Assets/Palette/TileSheet1/Terrain (16x16)_125.asset
  artifactKey: Guid(0c07d5dad96e61f44a6e7bff86dfa5d0) Importer(815301076,1909f56bfc062723c751e8b465ee728b)
Start importing Assets/Palette/TileSheet1/Terrain (16x16)_125.asset using Guid(0c07d5dad96e61f44a6e7bff86dfa5d0) Importer(815301076,1909f56bfc062723c751e8b465ee728b)  -> (artifact id: '25e7e1cf399a06b86d50f64825a5f2f0') in 0.008617 seconds
Number of updated asset objects reloaded before import = 0
Number of asset objects unloaded after import = 3
========================================================================
Received Import Request.
  Time since last request: 0.000012 seconds.
  path: Assets/Palette/TileSheet1/Terrain (16x16)_117.asset
  artifactKey: Guid(6afd668d03b289548b39818558790b5a) Importer(815301076,1909f56bfc062723c751e8b465ee728b)
Start importing Assets/Palette/TileSheet1/Terrain (16x16)_117.asset using Guid(6afd668d03b289548b39818558790b5a) Importer(815301076,1909f56bfc062723c751e8b465ee728b)  -> (artifact id: '005fff1887eb1704e9e452a9f48bbf06') in 0.007174 seconds
Number of updated asset objects reloaded before import = 0
Number of asset objects unloaded after import = 3
========================================================================
Received Import Request.
  Time since last request: 0.000013 seconds.
  path: Assets/Palette/TileSheet1/Terrain (16x16)_90.asset
  artifactKey: Guid(96cd609248a033a4fbae73a61c051fa1) Importer(815301076,1909f56bfc062723c751e8b465ee728b)
Start importing Assets/Palette/TileSheet1/Terrain (16x16)_90.asset using Guid(96cd609248a033a4fbae73a61c051fa1) Importer(815301076,1909f56bfc062723c751e8b465ee728b)  -> (artifact id: 'da8ed99b172eb8d826d1fffa72534a78') in 0.009361 seconds
Number of updated asset objects reloaded before import = 0
Number of asset objects unloaded after import = 3
========================================================================
Received Import Request.
  Time since last request: 0.001788 seconds.
  path: Assets/Palette/TileSheet1/Terrain (16x16)_108.asset
  artifactKey: Guid(8273abe64aabcd74abae6375ca39084a) Importer(815301076,1909f56bfc062723c751e8b465ee728b)
Start importing Assets/Palette/TileSheet1/Terrain (16x16)_108.asset using Guid(8273abe64aabcd74abae6375ca39084a) Importer(815301076,1909f56bfc062723c751e8b465ee728b)  -> (artifact id: 'eb393879d664f3fe8b6fb77a536e3cf6') in 0.008558 seconds
Number of updated asset objects reloaded before import = 0
Number of asset objects unloaded after import = 3
========================================================================
Received Import Request.
  Time since last request: 0.000013 seconds.
  path: Assets/Palette/TileSheet1/Terrain (16x16)_105.asset
  artifactKey: Guid(cb2ca804a202a944fa62cf50eb828fd8) Importer(815301076,1909f56bfc062723c751e8b465ee728b)
Start importing Assets/Palette/TileSheet1/Terrain (16x16)_105.asset using Guid(cb2ca804a202a944fa62cf50eb828fd8) Importer(815301076,1909f56bfc062723c751e8b465ee728b)  -> (artifact id: 'a572a88f03abdddb8cfa834807052c0b') in 0.007734 seconds
Number of updated asset objects reloaded before import = 0
Number of asset objects unloaded after import = 3
========================================================================
Received Import Request.
  Time since last request: 0.000014 seconds.
  path: Assets/Palette/TileSheet1/Terrain (16x16)_111.asset
  artifactKey: Guid(618a9ec0a2732e9409e3e53db57a5c11) Importer(815301076,1909f56bfc062723c751e8b465ee728b)
Start importing Assets/Palette/TileSheet1/Terrain (16x16)_111.asset using Guid(618a9ec0a2732e9409e3e53db57a5c11) Importer(815301076,1909f56bfc062723c751e8b465ee728b)  -> (artifact id: '71b6a533ce24d94dd9eb9fea7e89a30c') in 0.007941 seconds
Number of updated asset objects reloaded before import = 0
Number of asset objects unloaded after import = 3
========================================================================
Received Import Request.
  Time since last request: 0.000012 seconds.
  path: Assets/Palette/TileSheet1/Terrain (16x16)_98.asset
  artifactKey: Guid(0d399ebe11cbe574da0faddc5fabc3a7) Importer(815301076,1909f56bfc062723c751e8b465ee728b)
Start importing Assets/Palette/TileSheet1/Terrain (16x16)_98.asset using Guid(0d399ebe11cbe574da0faddc5fabc3a7) Importer(815301076,1909f56bfc062723c751e8b465ee728b)  -> (artifact id: 'bbb3ed8d87757e4b1ffa47062457f445') in 0.008235 seconds
Number of updated asset objects reloaded before import = 0
Number of asset objects unloaded after import = 3
========================================================================
Received Import Request.
  Time since last request: 0.000013 seconds.
  path: Assets/Palette/TileSheet1/Terrain (16x16)_128.asset
  artifactKey: Guid(5983d2143727710438c0acdf3e77ea33) Importer(815301076,1909f56bfc062723c751e8b465ee728b)
Start importing Assets/Palette/TileSheet1/Terrain (16x16)_128.asset using Guid(5983d2143727710438c0acdf3e77ea33) Importer(815301076,1909f56bfc062723c751e8b465ee728b)  -> (artifact id: 'f777b7cdf9715551ebbb539487a90bcb') in 0.007423 seconds
Number of updated asset objects reloaded before import = 0
Number of asset objects unloaded after import = 3
========================================================================
Received Import Request.
  Time since last request: 0.000011 seconds.
  path: Assets/Palette/TileSheet1/Terrain (16x16)_123.asset
  artifactKey: Guid(ea4db405cc012f04f851eadc538c753a) Importer(815301076,1909f56bfc062723c751e8b465ee728b)
Start importing Assets/Palette/TileSheet1/Terrain (16x16)_123.asset using Guid(ea4db405cc012f04f851eadc538c753a) Importer(815301076,1909f56bfc062723c751e8b465ee728b)  -> (artifact id: '2ef90de063ce083869343f47f4a3db0c') in 0.007739 seconds
Number of updated asset objects reloaded before import = 0
Number of asset objects unloaded after import = 3
========================================================================
Received Import Request.
  Time since last request: 0.000012 seconds.
  path: Assets/Palette/TileSheet1/Terrain (16x16)_133.asset
  artifactKey: Guid(f3776f77afa54d64d9736a4d900db7f3) Importer(815301076,1909f56bfc062723c751e8b465ee728b)
Start importing Assets/Palette/TileSheet1/Terrain (16x16)_133.asset using Guid(f3776f77afa54d64d9736a4d900db7f3) Importer(815301076,1909f56bfc062723c751e8b465ee728b)  -> (artifact id: 'aec4f30c06c85d519b2ba8c6a4b9e63f') in 0.008220 seconds
Number of updated asset objects reloaded before import = 0
Number of asset objects unloaded after import = 3
========================================================================
Received Import Request.
  Time since last request: 0.000014 seconds.
  path: Assets/Palette/TileSheet1/Terrain (16x16)_136.asset
  artifactKey: Guid(4b6be9088ce61d241959b28f7e0c248c) Importer(815301076,1909f56bfc062723c751e8b465ee728b)
Start importing Assets/Palette/TileSheet1/Terrain (16x16)_136.asset using Guid(4b6be9088ce61d241959b28f7e0c248c) Importer(815301076,1909f56bfc062723c751e8b465ee728b)  -> (artifact id: '017aecbd0da30068d78e02980c40c395') in 0.007389 seconds
Number of updated asset objects reloaded before import = 0
Number of asset objects unloaded after import = 3
========================================================================
Received Import Request.
  Time since last request: 0.000013 seconds.
  path: Assets/Palette/TileSheet1/Terrain (16x16)_119.asset
  artifactKey: Guid(3f0ed999a3de01d42b8450a762f7c03f) Importer(815301076,1909f56bfc062723c751e8b465ee728b)
Start importing Assets/Palette/TileSheet1/Terrain (16x16)_119.asset using Guid(3f0ed999a3de01d42b8450a762f7c03f) Importer(815301076,1909f56bfc062723c751e8b465ee728b)  -> (artifact id: '8812886f9d530e88642d21abca04c048') in 0.007843 seconds
Number of updated asset objects reloaded before import = 0
Number of asset objects unloaded after import = 3
========================================================================
Received Import Request.
  Time since last request: 0.000011 seconds.
  path: Assets/Palette/TileSheet1/Terrain (16x16)_91.asset
  artifactKey: Guid(19c50f932d62e024295b74746914f948) Importer(815301076,1909f56bfc062723c751e8b465ee728b)
Start importing Assets/Palette/TileSheet1/Terrain (16x16)_91.asset using Guid(19c50f932d62e024295b74746914f948) Importer(815301076,1909f56bfc062723c751e8b465ee728b)  -> (artifact id: '925dd1257c96b7b9f44e8b81d69b2015') in 0.007627 seconds
Number of updated asset objects reloaded before import = 0
Number of asset objects unloaded after import = 3
========================================================================
Received Import Request.
  Time since last request: 0.000015 seconds.
  path: Assets/Palette/TileSheet1/Terrain (16x16)_102.asset
  artifactKey: Guid(29c8af1e8d5dc264f9259b8680691b93) Importer(815301076,1909f56bfc062723c751e8b465ee728b)
Start importing Assets/Palette/TileSheet1/Terrain (16x16)_102.asset using Guid(29c8af1e8d5dc264f9259b8680691b93) Importer(815301076,1909f56bfc062723c751e8b465ee728b)  -> (artifact id: '8cb335772bf526b6323503c848c511e1') in 0.006652 seconds
Number of updated asset objects reloaded before import = 0
Number of asset objects unloaded after import = 3
========================================================================
Received Import Request.
  Time since last request: 0.000012 seconds.
  path: Assets/Palette/TileSheet1/Terrain (16x16)_132.asset
  artifactKey: Guid(379859187ab7c7a45a70bb055b20c508) Importer(815301076,1909f56bfc062723c751e8b465ee728b)
Start importing Assets/Palette/TileSheet1/Terrain (16x16)_132.asset using Guid(379859187ab7c7a45a70bb055b20c508) Importer(815301076,1909f56bfc062723c751e8b465ee728b)  -> (artifact id: '053c4c4e541c91216c2a25bfa0831507') in 0.008023 seconds
Number of updated asset objects reloaded before import = 0
Number of asset objects unloaded after import = 3
========================================================================
Received Import Request.
  Time since last request: 0.124193 seconds.
  path: Assets/Palette/TileSheet1/Terrain (16x16)_137.asset
  artifactKey: Guid(fa5b62a79431906428ec7b0ec9d3e7ae) Importer(815301076,1909f56bfc062723c751e8b465ee728b)
Start importing Assets/Palette/TileSheet1/Terrain (16x16)_137.asset using Guid(fa5b62a79431906428ec7b0ec9d3e7ae) Importer(815301076,1909f56bfc062723c751e8b465ee728b)  -> (artifact id: '81e15d30a3d6812a43cfe090d52dd6ad') in 0.009140 seconds
Number of updated asset objects reloaded before import = 0
Number of asset objects unloaded after import = 3
========================================================================
Received Import Request.
  Time since last request: 0.000012 seconds.
  path: Assets/Palette/TileSheet1/Terrain (16x16)_141.asset
  artifactKey: Guid(363ef0258620c8246a8ec3e09fdbb61f) Importer(815301076,1909f56bfc062723c751e8b465ee728b)
Start importing Assets/Palette/TileSheet1/Terrain (16x16)_141.asset using Guid(363ef0258620c8246a8ec3e09fdbb61f) Importer(815301076,1909f56bfc062723c751e8b465ee728b)  -> (artifact id: '924fd1330b2c0c0d79dc5ccd9607716a') in 0.009179 seconds
Number of updated asset objects reloaded before import = 0
Number of asset objects unloaded after import = 3
========================================================================
Received Import Request.
  Time since last request: 0.000018 seconds.
  path: Assets/Palette/TileSheet1/TileSheet1.prefab
  artifactKey: Guid(7dbd723326e186a4696f824172682bb2) Importer(815301076,1909f56bfc062723c751e8b465ee728b)
Start importing Assets/Palette/TileSheet1/TileSheet1.prefab using Guid(7dbd723326e186a4696f824172682bb2) Importer(815301076,1909f56bfc062723c751e8b465ee728b)  -> (artifact id: 'f12b22c38ea09449076f9a5222482e9c') in 0.075285 seconds
Number of updated asset objects reloaded before import = 0
Number of asset objects unloaded after import = 299
========================================================================
Received Import Request.
  Time since last request: 4.991731 seconds.
  path: Assets/Palette/Player
  artifactKey: Guid(2e5138c9cdf347a41a634bf5df4df03f) Importer(815301076,1909f56bfc062723c751e8b465ee728b)
Start importing Assets/Palette/Player using Guid(2e5138c9cdf347a41a634bf5df4df03f) Importer(815301076,1909f56bfc062723c751e8b465ee728b)  -> (artifact id: 'a868d252315ecdfb73d1c5339d8ab7f0') in 0.000471 seconds
Number of updated asset objects reloaded before import = 0
Number of asset objects unloaded after import = 0
========================================================================
Received Import Request.
  Time since last request: 33.862881 seconds.
  path: Assets/Import/characters 1.png
  artifactKey: Guid(d19f626bed962ca48863484ea715fc82) Importer(815301076,1909f56bfc062723c751e8b465ee728b)
Start importing Assets/Import/characters 1.png using Guid(d19f626bed962ca48863484ea715fc82) Importer(815301076,1909f56bfc062723c751e8b465ee728b)  -> (artifact id: 'a3212da6901270bac58553e198572d92') in 0.113329 seconds
Number of updated asset objects reloaded before import = 0
Number of asset objects unloaded after import = 75
========================================================================
Received Import Request.
  Time since last request: 26.047138 seconds.
  path: Assets/Import/characters 2.png
  artifactKey: Guid(1c50e01132ed3f24f9851db731a19581) Importer(815301076,1909f56bfc062723c751e8b465ee728b)
Start importing Assets/Import/characters 2.png using Guid(1c50e01132ed3f24f9851db731a19581) Importer(815301076,1909f56bfc062723c751e8b465ee728b)  -> (artifact id: 'e4ab0fca46cc7b555106c90d2a86afaf') in 0.082393 seconds
Number of updated asset objects reloaded before import = 0
Number of asset objects unloaded after import = 75
